============================= test session starts ==============================
platform linux -- Python 3.12.3, pytest-8.3.4, pluggy-1.5.0
rootdir: /root/Optimal_performance/Group7-fall2024
plugins: cov-6.0.0
collected 154 items

home/tests/test_all_views/test_views.py FFFFFFFFFFFFFFFFFFFFFFFFFFFFFFFF [ 20%]
FFFFFFFFFFFFFFFF                                                         [ 31%]
home/tests/test_models/test_builds.py FFF                                [ 33%]
home/tests/test_models/test_cpus.py EEEEEEEEEEEEE                        [ 41%]
home/tests/test_models/test_cpusockettype.py EEEEE                       [ 44%]
home/tests/test_models/test_formfactor.py .....                          [ 48%]
home/tests/test_models/test_manufacturers.py EEEEE                       [ 51%]
home/tests/test_models/test_microarchitecture.py EEEEE                   [ 54%]
home/tests/test_models/test_motherboards.py FFFFFFFFFFFFFF               [ 63%]
home/tests/test_models/test_ram.py EEEEEEEEEEEEEE                        [ 72%]
home/tests/test_models/test_ram_attributes.py EEEEEEEEEEEEEEFF.          [ 83%]
home/tests/test_models/test_storage.py EEEEEEEEEEEE                      [ 91%]
home/tests/test_models/test_storage_attributes.py EEEEEEEEEE             [ 98%]
home/tests/test_models/test_user_profile.py FFF                          [100%]

==================================== ERRORS ====================================
__________ ERROR at setup of CPUTestCase.test_CPU_cpu_id_field_label ___________

self = <django.db.backends.utils.CursorDebugWrapper object at 0x74c2db3d7e90>
sql = 'INSERT INTO "home_microarchitecture" ("name") VALUES (%s) RETURNING "home_microarchitecture"."id"'
params = ('Zen 2',)
ignored_wrapper_args = (False, {'connection': <DatabaseWrapper vendor='sqlite' alias='default'>, 'cursor': <django.db.backends.utils.CursorDebugWrapper object at 0x74c2db3d7e90>})

    def _execute(self, sql, params, *ignored_wrapper_args):
        # Raise a warning during app initialization (stored_app_configs is only
        # ever set during testing).
        if not apps.ready and not apps.stored_app_configs:
            warnings.warn(self.APPS_NOT_READY_WARNING_MSG, category=RuntimeWarning)
        self.db.validate_no_broken_transaction()
        with self.db.wrap_database_errors:
            if params is None:
                # params default might be backend specific.
                return self.cursor.execute(sql)
            else:
>               return self.cursor.execute(sql, params)

optimal/lib/python3.12/site-packages/django/db/backends/utils.py:105: 
_ _ _ _ _ _ _ _ _ _ _ _ _ _ _ _ _ _ _ _ _ _ _ _ _ _ _ _ _ _ _ _ _ _ _ _ _ _ _ _ 

self = <django.db.backends.sqlite3.base.SQLiteCursorWrapper object at 0x74c2daee04d0>
query = 'INSERT INTO "home_microarchitecture" ("name") VALUES (?) RETURNING "home_microarchitecture"."id"'
params = ('Zen 2',)

    def execute(self, query, params=None):
        if params is None:
            return super().execute(query)
        # Extract names if params is a mapping, i.e. "pyformat" style is used.
        param_names = list(params) if isinstance(params, Mapping) else None
        query = self.convert_query(query, param_names=param_names)
>       return super().execute(query, params)
E       sqlite3.IntegrityError: UNIQUE constraint failed: home_microarchitecture.name

optimal/lib/python3.12/site-packages/django/db/backends/sqlite3/base.py:354: IntegrityError

The above exception was the direct cause of the following exception:

cls = <class 'home.tests.test_models.test_cpus.CPUTestCase'>

    @classmethod
    def setUpTestData(cls):
        # Create unique manufacturers to avoid UNIQUE constraint violations
        cls.manufacturer1 = Manufacturer.objects.create(name="UniqueIntel")
        cls.manufacturer2 = Manufacturer.objects.create(name="UniqueAMD")
    
        # Create unique Microarchitecture instances
>       cls.microarchitecture1 = Microarchitecture.objects.create(name="Zen 2")

home/tests/test_models/test_cpus.py:23: 
_ _ _ _ _ _ _ _ _ _ _ _ _ _ _ _ _ _ _ _ _ _ _ _ _ _ _ _ _ _ _ _ _ _ _ _ _ _ _ _ 
optimal/lib/python3.12/site-packages/django/db/models/manager.py:87: in manager_method
    return getattr(self.get_queryset(), name)(*args, **kwargs)
optimal/lib/python3.12/site-packages/django/db/models/query.py:679: in create
    obj.save(force_insert=True, using=self.db)
optimal/lib/python3.12/site-packages/django/db/models/base.py:891: in save
    self.save_base(
optimal/lib/python3.12/site-packages/django/db/models/base.py:997: in save_base
    updated = self._save_table(
optimal/lib/python3.12/site-packages/django/db/models/base.py:1160: in _save_table
    results = self._do_insert(
optimal/lib/python3.12/site-packages/django/db/models/base.py:1201: in _do_insert
    return manager._insert(
optimal/lib/python3.12/site-packages/django/db/models/manager.py:87: in manager_method
    return getattr(self.get_queryset(), name)(*args, **kwargs)
optimal/lib/python3.12/site-packages/django/db/models/query.py:1847: in _insert
    return query.get_compiler(using=using).execute_sql(returning_fields)
optimal/lib/python3.12/site-packages/django/db/models/sql/compiler.py:1836: in execute_sql
    cursor.execute(sql, params)
optimal/lib/python3.12/site-packages/django/db/backends/utils.py:122: in execute
    return super().execute(sql, params)
optimal/lib/python3.12/site-packages/django/db/backends/utils.py:79: in execute
    return self._execute_with_wrappers(
optimal/lib/python3.12/site-packages/django/db/backends/utils.py:92: in _execute_with_wrappers
    return executor(sql, params, many, context)
optimal/lib/python3.12/site-packages/django/db/backends/utils.py:100: in _execute
    with self.db.wrap_database_errors:
optimal/lib/python3.12/site-packages/django/db/utils.py:91: in __exit__
    raise dj_exc_value.with_traceback(traceback) from exc_value
optimal/lib/python3.12/site-packages/django/db/backends/utils.py:105: in _execute
    return self.cursor.execute(sql, params)
_ _ _ _ _ _ _ _ _ _ _ _ _ _ _ _ _ _ _ _ _ _ _ _ _ _ _ _ _ _ _ _ _ _ _ _ _ _ _ _ 

self = <django.db.backends.sqlite3.base.SQLiteCursorWrapper object at 0x74c2daee04d0>
query = 'INSERT INTO "home_microarchitecture" ("name") VALUES (?) RETURNING "home_microarchitecture"."id"'
params = ('Zen 2',)

    def execute(self, query, params=None):
        if params is None:
            return super().execute(query)
        # Extract names if params is a mapping, i.e. "pyformat" style is used.
        param_names = list(params) if isinstance(params, Mapping) else None
        query = self.convert_query(query, param_names=param_names)
>       return super().execute(query, params)
E       django.db.utils.IntegrityError: UNIQUE constraint failed: home_microarchitecture.name

optimal/lib/python3.12/site-packages/django/db/backends/sqlite3/base.py:354: IntegrityError
_______ ERROR at setup of CPUTestCase.test_CPU_manufacturer_field_label ________

self = <django.db.backends.utils.CursorDebugWrapper object at 0x74c2db3d7e90>
sql = 'INSERT INTO "home_microarchitecture" ("name") VALUES (%s) RETURNING "home_microarchitecture"."id"'
params = ('Zen 2',)
ignored_wrapper_args = (False, {'connection': <DatabaseWrapper vendor='sqlite' alias='default'>, 'cursor': <django.db.backends.utils.CursorDebugWrapper object at 0x74c2db3d7e90>})

    def _execute(self, sql, params, *ignored_wrapper_args):
        # Raise a warning during app initialization (stored_app_configs is only
        # ever set during testing).
        if not apps.ready and not apps.stored_app_configs:
            warnings.warn(self.APPS_NOT_READY_WARNING_MSG, category=RuntimeWarning)
        self.db.validate_no_broken_transaction()
        with self.db.wrap_database_errors:
            if params is None:
                # params default might be backend specific.
                return self.cursor.execute(sql)
            else:
>               return self.cursor.execute(sql, params)

optimal/lib/python3.12/site-packages/django/db/backends/utils.py:105: 
_ _ _ _ _ _ _ _ _ _ _ _ _ _ _ _ _ _ _ _ _ _ _ _ _ _ _ _ _ _ _ _ _ _ _ _ _ _ _ _ 

self = <django.db.backends.sqlite3.base.SQLiteCursorWrapper object at 0x74c2daee04d0>
query = 'INSERT INTO "home_microarchitecture" ("name") VALUES (?) RETURNING "home_microarchitecture"."id"'
params = ('Zen 2',)

    def execute(self, query, params=None):
        if params is None:
            return super().execute(query)
        # Extract names if params is a mapping, i.e. "pyformat" style is used.
        param_names = list(params) if isinstance(params, Mapping) else None
        query = self.convert_query(query, param_names=param_names)
>       return super().execute(query, params)
E       sqlite3.IntegrityError: UNIQUE constraint failed: home_microarchitecture.name

optimal/lib/python3.12/site-packages/django/db/backends/sqlite3/base.py:354: IntegrityError

The above exception was the direct cause of the following exception:

cls = <class 'home.tests.test_models.test_cpus.CPUTestCase'>

    @classmethod
    def setUpTestData(cls):
        # Create unique manufacturers to avoid UNIQUE constraint violations
        cls.manufacturer1 = Manufacturer.objects.create(name="UniqueIntel")
        cls.manufacturer2 = Manufacturer.objects.create(name="UniqueAMD")
    
        # Create unique Microarchitecture instances
>       cls.microarchitecture1 = Microarchitecture.objects.create(name="Zen 2")

home/tests/test_models/test_cpus.py:23: 
_ _ _ _ _ _ _ _ _ _ _ _ _ _ _ _ _ _ _ _ _ _ _ _ _ _ _ _ _ _ _ _ _ _ _ _ _ _ _ _ 
optimal/lib/python3.12/site-packages/django/db/models/manager.py:87: in manager_method
    return getattr(self.get_queryset(), name)(*args, **kwargs)
optimal/lib/python3.12/site-packages/django/db/models/query.py:679: in create
    obj.save(force_insert=True, using=self.db)
optimal/lib/python3.12/site-packages/django/db/models/base.py:891: in save
    self.save_base(
optimal/lib/python3.12/site-packages/django/db/models/base.py:997: in save_base
    updated = self._save_table(
optimal/lib/python3.12/site-packages/django/db/models/base.py:1160: in _save_table
    results = self._do_insert(
optimal/lib/python3.12/site-packages/django/db/models/base.py:1201: in _do_insert
    return manager._insert(
optimal/lib/python3.12/site-packages/django/db/models/manager.py:87: in manager_method
    return getattr(self.get_queryset(), name)(*args, **kwargs)
optimal/lib/python3.12/site-packages/django/db/models/query.py:1847: in _insert
    return query.get_compiler(using=using).execute_sql(returning_fields)
optimal/lib/python3.12/site-packages/django/db/models/sql/compiler.py:1836: in execute_sql
    cursor.execute(sql, params)
optimal/lib/python3.12/site-packages/django/db/backends/utils.py:122: in execute
    return super().execute(sql, params)
optimal/lib/python3.12/site-packages/django/db/backends/utils.py:79: in execute
    return self._execute_with_wrappers(
optimal/lib/python3.12/site-packages/django/db/backends/utils.py:92: in _execute_with_wrappers
    return executor(sql, params, many, context)
optimal/lib/python3.12/site-packages/django/db/backends/utils.py:100: in _execute
    with self.db.wrap_database_errors:
optimal/lib/python3.12/site-packages/django/db/utils.py:91: in __exit__
    raise dj_exc_value.with_traceback(traceback) from exc_value
optimal/lib/python3.12/site-packages/django/db/backends/utils.py:105: in _execute
    return self.cursor.execute(sql, params)
_ _ _ _ _ _ _ _ _ _ _ _ _ _ _ _ _ _ _ _ _ _ _ _ _ _ _ _ _ _ _ _ _ _ _ _ _ _ _ _ 

self = <django.db.backends.sqlite3.base.SQLiteCursorWrapper object at 0x74c2daee04d0>
query = 'INSERT INTO "home_microarchitecture" ("name") VALUES (?) RETURNING "home_microarchitecture"."id"'
params = ('Zen 2',)

    def execute(self, query, params=None):
        if params is None:
            return super().execute(query)
        # Extract names if params is a mapping, i.e. "pyformat" style is used.
        param_names = list(params) if isinstance(params, Mapping) else None
        query = self.convert_query(query, param_names=param_names)
>       return super().execute(query, params)
E       django.db.utils.IntegrityError: UNIQUE constraint failed: home_microarchitecture.name

optimal/lib/python3.12/site-packages/django/db/backends/sqlite3/base.py:354: IntegrityError
_____ ERROR at setup of CPUTestCase.test_CPU_microarchitecture_field_label _____

self = <django.db.backends.utils.CursorDebugWrapper object at 0x74c2db3d7e90>
sql = 'INSERT INTO "home_microarchitecture" ("name") VALUES (%s) RETURNING "home_microarchitecture"."id"'
params = ('Zen 2',)
ignored_wrapper_args = (False, {'connection': <DatabaseWrapper vendor='sqlite' alias='default'>, 'cursor': <django.db.backends.utils.CursorDebugWrapper object at 0x74c2db3d7e90>})

    def _execute(self, sql, params, *ignored_wrapper_args):
        # Raise a warning during app initialization (stored_app_configs is only
        # ever set during testing).
        if not apps.ready and not apps.stored_app_configs:
            warnings.warn(self.APPS_NOT_READY_WARNING_MSG, category=RuntimeWarning)
        self.db.validate_no_broken_transaction()
        with self.db.wrap_database_errors:
            if params is None:
                # params default might be backend specific.
                return self.cursor.execute(sql)
            else:
>               return self.cursor.execute(sql, params)

optimal/lib/python3.12/site-packages/django/db/backends/utils.py:105: 
_ _ _ _ _ _ _ _ _ _ _ _ _ _ _ _ _ _ _ _ _ _ _ _ _ _ _ _ _ _ _ _ _ _ _ _ _ _ _ _ 

self = <django.db.backends.sqlite3.base.SQLiteCursorWrapper object at 0x74c2daee04d0>
query = 'INSERT INTO "home_microarchitecture" ("name") VALUES (?) RETURNING "home_microarchitecture"."id"'
params = ('Zen 2',)

    def execute(self, query, params=None):
        if params is None:
            return super().execute(query)
        # Extract names if params is a mapping, i.e. "pyformat" style is used.
        param_names = list(params) if isinstance(params, Mapping) else None
        query = self.convert_query(query, param_names=param_names)
>       return super().execute(query, params)
E       sqlite3.IntegrityError: UNIQUE constraint failed: home_microarchitecture.name

optimal/lib/python3.12/site-packages/django/db/backends/sqlite3/base.py:354: IntegrityError

The above exception was the direct cause of the following exception:

cls = <class 'home.tests.test_models.test_cpus.CPUTestCase'>

    @classmethod
    def setUpTestData(cls):
        # Create unique manufacturers to avoid UNIQUE constraint violations
        cls.manufacturer1 = Manufacturer.objects.create(name="UniqueIntel")
        cls.manufacturer2 = Manufacturer.objects.create(name="UniqueAMD")
    
        # Create unique Microarchitecture instances
>       cls.microarchitecture1 = Microarchitecture.objects.create(name="Zen 2")

home/tests/test_models/test_cpus.py:23: 
_ _ _ _ _ _ _ _ _ _ _ _ _ _ _ _ _ _ _ _ _ _ _ _ _ _ _ _ _ _ _ _ _ _ _ _ _ _ _ _ 
optimal/lib/python3.12/site-packages/django/db/models/manager.py:87: in manager_method
    return getattr(self.get_queryset(), name)(*args, **kwargs)
optimal/lib/python3.12/site-packages/django/db/models/query.py:679: in create
    obj.save(force_insert=True, using=self.db)
optimal/lib/python3.12/site-packages/django/db/models/base.py:891: in save
    self.save_base(
optimal/lib/python3.12/site-packages/django/db/models/base.py:997: in save_base
    updated = self._save_table(
optimal/lib/python3.12/site-packages/django/db/models/base.py:1160: in _save_table
    results = self._do_insert(
optimal/lib/python3.12/site-packages/django/db/models/base.py:1201: in _do_insert
    return manager._insert(
optimal/lib/python3.12/site-packages/django/db/models/manager.py:87: in manager_method
    return getattr(self.get_queryset(), name)(*args, **kwargs)
optimal/lib/python3.12/site-packages/django/db/models/query.py:1847: in _insert
    return query.get_compiler(using=using).execute_sql(returning_fields)
optimal/lib/python3.12/site-packages/django/db/models/sql/compiler.py:1836: in execute_sql
    cursor.execute(sql, params)
optimal/lib/python3.12/site-packages/django/db/backends/utils.py:122: in execute
    return super().execute(sql, params)
optimal/lib/python3.12/site-packages/django/db/backends/utils.py:79: in execute
    return self._execute_with_wrappers(
optimal/lib/python3.12/site-packages/django/db/backends/utils.py:92: in _execute_with_wrappers
    return executor(sql, params, many, context)
optimal/lib/python3.12/site-packages/django/db/backends/utils.py:100: in _execute
    with self.db.wrap_database_errors:
optimal/lib/python3.12/site-packages/django/db/utils.py:91: in __exit__
    raise dj_exc_value.with_traceback(traceback) from exc_value
optimal/lib/python3.12/site-packages/django/db/backends/utils.py:105: in _execute
    return self.cursor.execute(sql, params)
_ _ _ _ _ _ _ _ _ _ _ _ _ _ _ _ _ _ _ _ _ _ _ _ _ _ _ _ _ _ _ _ _ _ _ _ _ _ _ _ 

self = <django.db.backends.sqlite3.base.SQLiteCursorWrapper object at 0x74c2daee04d0>
query = 'INSERT INTO "home_microarchitecture" ("name") VALUES (?) RETURNING "home_microarchitecture"."id"'
params = ('Zen 2',)

    def execute(self, query, params=None):
        if params is None:
            return super().execute(query)
        # Extract names if params is a mapping, i.e. "pyformat" style is used.
        param_names = list(params) if isinstance(params, Mapping) else None
        query = self.convert_query(query, param_names=param_names)
>       return super().execute(query, params)
E       django.db.utils.IntegrityError: UNIQUE constraint failed: home_microarchitecture.name

optimal/lib/python3.12/site-packages/django/db/backends/sqlite3/base.py:354: IntegrityError
___________ ERROR at setup of CPUTestCase.test_CPU_name_field_label ____________

self = <django.db.backends.utils.CursorDebugWrapper object at 0x74c2db3d7e90>
sql = 'INSERT INTO "home_microarchitecture" ("name") VALUES (%s) RETURNING "home_microarchitecture"."id"'
params = ('Zen 2',)
ignored_wrapper_args = (False, {'connection': <DatabaseWrapper vendor='sqlite' alias='default'>, 'cursor': <django.db.backends.utils.CursorDebugWrapper object at 0x74c2db3d7e90>})

    def _execute(self, sql, params, *ignored_wrapper_args):
        # Raise a warning during app initialization (stored_app_configs is only
        # ever set during testing).
        if not apps.ready and not apps.stored_app_configs:
            warnings.warn(self.APPS_NOT_READY_WARNING_MSG, category=RuntimeWarning)
        self.db.validate_no_broken_transaction()
        with self.db.wrap_database_errors:
            if params is None:
                # params default might be backend specific.
                return self.cursor.execute(sql)
            else:
>               return self.cursor.execute(sql, params)

optimal/lib/python3.12/site-packages/django/db/backends/utils.py:105: 
_ _ _ _ _ _ _ _ _ _ _ _ _ _ _ _ _ _ _ _ _ _ _ _ _ _ _ _ _ _ _ _ _ _ _ _ _ _ _ _ 

self = <django.db.backends.sqlite3.base.SQLiteCursorWrapper object at 0x74c2daee04d0>
query = 'INSERT INTO "home_microarchitecture" ("name") VALUES (?) RETURNING "home_microarchitecture"."id"'
params = ('Zen 2',)

    def execute(self, query, params=None):
        if params is None:
            return super().execute(query)
        # Extract names if params is a mapping, i.e. "pyformat" style is used.
        param_names = list(params) if isinstance(params, Mapping) else None
        query = self.convert_query(query, param_names=param_names)
>       return super().execute(query, params)
E       sqlite3.IntegrityError: UNIQUE constraint failed: home_microarchitecture.name

optimal/lib/python3.12/site-packages/django/db/backends/sqlite3/base.py:354: IntegrityError

The above exception was the direct cause of the following exception:

cls = <class 'home.tests.test_models.test_cpus.CPUTestCase'>

    @classmethod
    def setUpTestData(cls):
        # Create unique manufacturers to avoid UNIQUE constraint violations
        cls.manufacturer1 = Manufacturer.objects.create(name="UniqueIntel")
        cls.manufacturer2 = Manufacturer.objects.create(name="UniqueAMD")
    
        # Create unique Microarchitecture instances
>       cls.microarchitecture1 = Microarchitecture.objects.create(name="Zen 2")

home/tests/test_models/test_cpus.py:23: 
_ _ _ _ _ _ _ _ _ _ _ _ _ _ _ _ _ _ _ _ _ _ _ _ _ _ _ _ _ _ _ _ _ _ _ _ _ _ _ _ 
optimal/lib/python3.12/site-packages/django/db/models/manager.py:87: in manager_method
    return getattr(self.get_queryset(), name)(*args, **kwargs)
optimal/lib/python3.12/site-packages/django/db/models/query.py:679: in create
    obj.save(force_insert=True, using=self.db)
optimal/lib/python3.12/site-packages/django/db/models/base.py:891: in save
    self.save_base(
optimal/lib/python3.12/site-packages/django/db/models/base.py:997: in save_base
    updated = self._save_table(
optimal/lib/python3.12/site-packages/django/db/models/base.py:1160: in _save_table
    results = self._do_insert(
optimal/lib/python3.12/site-packages/django/db/models/base.py:1201: in _do_insert
    return manager._insert(
optimal/lib/python3.12/site-packages/django/db/models/manager.py:87: in manager_method
    return getattr(self.get_queryset(), name)(*args, **kwargs)
optimal/lib/python3.12/site-packages/django/db/models/query.py:1847: in _insert
    return query.get_compiler(using=using).execute_sql(returning_fields)
optimal/lib/python3.12/site-packages/django/db/models/sql/compiler.py:1836: in execute_sql
    cursor.execute(sql, params)
optimal/lib/python3.12/site-packages/django/db/backends/utils.py:122: in execute
    return super().execute(sql, params)
optimal/lib/python3.12/site-packages/django/db/backends/utils.py:79: in execute
    return self._execute_with_wrappers(
optimal/lib/python3.12/site-packages/django/db/backends/utils.py:92: in _execute_with_wrappers
    return executor(sql, params, many, context)
optimal/lib/python3.12/site-packages/django/db/backends/utils.py:100: in _execute
    with self.db.wrap_database_errors:
optimal/lib/python3.12/site-packages/django/db/utils.py:91: in __exit__
    raise dj_exc_value.with_traceback(traceback) from exc_value
optimal/lib/python3.12/site-packages/django/db/backends/utils.py:105: in _execute
    return self.cursor.execute(sql, params)
_ _ _ _ _ _ _ _ _ _ _ _ _ _ _ _ _ _ _ _ _ _ _ _ _ _ _ _ _ _ _ _ _ _ _ _ _ _ _ _ 

self = <django.db.backends.sqlite3.base.SQLiteCursorWrapper object at 0x74c2daee04d0>
query = 'INSERT INTO "home_microarchitecture" ("name") VALUES (?) RETURNING "home_microarchitecture"."id"'
params = ('Zen 2',)

    def execute(self, query, params=None):
        if params is None:
            return super().execute(query)
        # Extract names if params is a mapping, i.e. "pyformat" style is used.
        param_names = list(params) if isinstance(params, Mapping) else None
        query = self.convert_query(query, param_names=param_names)
>       return super().execute(query, params)
E       django.db.utils.IntegrityError: UNIQUE constraint failed: home_microarchitecture.name

optimal/lib/python3.12/site-packages/django/db/backends/sqlite3/base.py:354: IntegrityError
_________ ERROR at setup of CPUTestCase.test_CPU_object_cpu_id_values __________

self = <django.db.backends.utils.CursorDebugWrapper object at 0x74c2db3d7e90>
sql = 'INSERT INTO "home_microarchitecture" ("name") VALUES (%s) RETURNING "home_microarchitecture"."id"'
params = ('Zen 2',)
ignored_wrapper_args = (False, {'connection': <DatabaseWrapper vendor='sqlite' alias='default'>, 'cursor': <django.db.backends.utils.CursorDebugWrapper object at 0x74c2db3d7e90>})

    def _execute(self, sql, params, *ignored_wrapper_args):
        # Raise a warning during app initialization (stored_app_configs is only
        # ever set during testing).
        if not apps.ready and not apps.stored_app_configs:
            warnings.warn(self.APPS_NOT_READY_WARNING_MSG, category=RuntimeWarning)
        self.db.validate_no_broken_transaction()
        with self.db.wrap_database_errors:
            if params is None:
                # params default might be backend specific.
                return self.cursor.execute(sql)
            else:
>               return self.cursor.execute(sql, params)

optimal/lib/python3.12/site-packages/django/db/backends/utils.py:105: 
_ _ _ _ _ _ _ _ _ _ _ _ _ _ _ _ _ _ _ _ _ _ _ _ _ _ _ _ _ _ _ _ _ _ _ _ _ _ _ _ 

self = <django.db.backends.sqlite3.base.SQLiteCursorWrapper object at 0x74c2daee04d0>
query = 'INSERT INTO "home_microarchitecture" ("name") VALUES (?) RETURNING "home_microarchitecture"."id"'
params = ('Zen 2',)

    def execute(self, query, params=None):
        if params is None:
            return super().execute(query)
        # Extract names if params is a mapping, i.e. "pyformat" style is used.
        param_names = list(params) if isinstance(params, Mapping) else None
        query = self.convert_query(query, param_names=param_names)
>       return super().execute(query, params)
E       sqlite3.IntegrityError: UNIQUE constraint failed: home_microarchitecture.name

optimal/lib/python3.12/site-packages/django/db/backends/sqlite3/base.py:354: IntegrityError

The above exception was the direct cause of the following exception:

cls = <class 'home.tests.test_models.test_cpus.CPUTestCase'>

    @classmethod
    def setUpTestData(cls):
        # Create unique manufacturers to avoid UNIQUE constraint violations
        cls.manufacturer1 = Manufacturer.objects.create(name="UniqueIntel")
        cls.manufacturer2 = Manufacturer.objects.create(name="UniqueAMD")
    
        # Create unique Microarchitecture instances
>       cls.microarchitecture1 = Microarchitecture.objects.create(name="Zen 2")

home/tests/test_models/test_cpus.py:23: 
_ _ _ _ _ _ _ _ _ _ _ _ _ _ _ _ _ _ _ _ _ _ _ _ _ _ _ _ _ _ _ _ _ _ _ _ _ _ _ _ 
optimal/lib/python3.12/site-packages/django/db/models/manager.py:87: in manager_method
    return getattr(self.get_queryset(), name)(*args, **kwargs)
optimal/lib/python3.12/site-packages/django/db/models/query.py:679: in create
    obj.save(force_insert=True, using=self.db)
optimal/lib/python3.12/site-packages/django/db/models/base.py:891: in save
    self.save_base(
optimal/lib/python3.12/site-packages/django/db/models/base.py:997: in save_base
    updated = self._save_table(
optimal/lib/python3.12/site-packages/django/db/models/base.py:1160: in _save_table
    results = self._do_insert(
optimal/lib/python3.12/site-packages/django/db/models/base.py:1201: in _do_insert
    return manager._insert(
optimal/lib/python3.12/site-packages/django/db/models/manager.py:87: in manager_method
    return getattr(self.get_queryset(), name)(*args, **kwargs)
optimal/lib/python3.12/site-packages/django/db/models/query.py:1847: in _insert
    return query.get_compiler(using=using).execute_sql(returning_fields)
optimal/lib/python3.12/site-packages/django/db/models/sql/compiler.py:1836: in execute_sql
    cursor.execute(sql, params)
optimal/lib/python3.12/site-packages/django/db/backends/utils.py:122: in execute
    return super().execute(sql, params)
optimal/lib/python3.12/site-packages/django/db/backends/utils.py:79: in execute
    return self._execute_with_wrappers(
optimal/lib/python3.12/site-packages/django/db/backends/utils.py:92: in _execute_with_wrappers
    return executor(sql, params, many, context)
optimal/lib/python3.12/site-packages/django/db/backends/utils.py:100: in _execute
    with self.db.wrap_database_errors:
optimal/lib/python3.12/site-packages/django/db/utils.py:91: in __exit__
    raise dj_exc_value.with_traceback(traceback) from exc_value
optimal/lib/python3.12/site-packages/django/db/backends/utils.py:105: in _execute
    return self.cursor.execute(sql, params)
_ _ _ _ _ _ _ _ _ _ _ _ _ _ _ _ _ _ _ _ _ _ _ _ _ _ _ _ _ _ _ _ _ _ _ _ _ _ _ _ 

self = <django.db.backends.sqlite3.base.SQLiteCursorWrapper object at 0x74c2daee04d0>
query = 'INSERT INTO "home_microarchitecture" ("name") VALUES (?) RETURNING "home_microarchitecture"."id"'
params = ('Zen 2',)

    def execute(self, query, params=None):
        if params is None:
            return super().execute(query)
        # Extract names if params is a mapping, i.e. "pyformat" style is used.
        param_names = list(params) if isinstance(params, Mapping) else None
        query = self.convert_query(query, param_names=param_names)
>       return super().execute(query, params)
E       django.db.utils.IntegrityError: UNIQUE constraint failed: home_microarchitecture.name

optimal/lib/python3.12/site-packages/django/db/backends/sqlite3/base.py:354: IntegrityError
____ ERROR at setup of CPUTestCase.test_CPU_object_cpu_manufacturer_values _____

self = <django.db.backends.utils.CursorDebugWrapper object at 0x74c2db3d7e90>
sql = 'INSERT INTO "home_microarchitecture" ("name") VALUES (%s) RETURNING "home_microarchitecture"."id"'
params = ('Zen 2',)
ignored_wrapper_args = (False, {'connection': <DatabaseWrapper vendor='sqlite' alias='default'>, 'cursor': <django.db.backends.utils.CursorDebugWrapper object at 0x74c2db3d7e90>})

    def _execute(self, sql, params, *ignored_wrapper_args):
        # Raise a warning during app initialization (stored_app_configs is only
        # ever set during testing).
        if not apps.ready and not apps.stored_app_configs:
            warnings.warn(self.APPS_NOT_READY_WARNING_MSG, category=RuntimeWarning)
        self.db.validate_no_broken_transaction()
        with self.db.wrap_database_errors:
            if params is None:
                # params default might be backend specific.
                return self.cursor.execute(sql)
            else:
>               return self.cursor.execute(sql, params)

optimal/lib/python3.12/site-packages/django/db/backends/utils.py:105: 
_ _ _ _ _ _ _ _ _ _ _ _ _ _ _ _ _ _ _ _ _ _ _ _ _ _ _ _ _ _ _ _ _ _ _ _ _ _ _ _ 

self = <django.db.backends.sqlite3.base.SQLiteCursorWrapper object at 0x74c2daee04d0>
query = 'INSERT INTO "home_microarchitecture" ("name") VALUES (?) RETURNING "home_microarchitecture"."id"'
params = ('Zen 2',)

    def execute(self, query, params=None):
        if params is None:
            return super().execute(query)
        # Extract names if params is a mapping, i.e. "pyformat" style is used.
        param_names = list(params) if isinstance(params, Mapping) else None
        query = self.convert_query(query, param_names=param_names)
>       return super().execute(query, params)
E       sqlite3.IntegrityError: UNIQUE constraint failed: home_microarchitecture.name

optimal/lib/python3.12/site-packages/django/db/backends/sqlite3/base.py:354: IntegrityError

The above exception was the direct cause of the following exception:

cls = <class 'home.tests.test_models.test_cpus.CPUTestCase'>

    @classmethod
    def setUpTestData(cls):
        # Create unique manufacturers to avoid UNIQUE constraint violations
        cls.manufacturer1 = Manufacturer.objects.create(name="UniqueIntel")
        cls.manufacturer2 = Manufacturer.objects.create(name="UniqueAMD")
    
        # Create unique Microarchitecture instances
>       cls.microarchitecture1 = Microarchitecture.objects.create(name="Zen 2")

home/tests/test_models/test_cpus.py:23: 
_ _ _ _ _ _ _ _ _ _ _ _ _ _ _ _ _ _ _ _ _ _ _ _ _ _ _ _ _ _ _ _ _ _ _ _ _ _ _ _ 
optimal/lib/python3.12/site-packages/django/db/models/manager.py:87: in manager_method
    return getattr(self.get_queryset(), name)(*args, **kwargs)
optimal/lib/python3.12/site-packages/django/db/models/query.py:679: in create
    obj.save(force_insert=True, using=self.db)
optimal/lib/python3.12/site-packages/django/db/models/base.py:891: in save
    self.save_base(
optimal/lib/python3.12/site-packages/django/db/models/base.py:997: in save_base
    updated = self._save_table(
optimal/lib/python3.12/site-packages/django/db/models/base.py:1160: in _save_table
    results = self._do_insert(
optimal/lib/python3.12/site-packages/django/db/models/base.py:1201: in _do_insert
    return manager._insert(
optimal/lib/python3.12/site-packages/django/db/models/manager.py:87: in manager_method
    return getattr(self.get_queryset(), name)(*args, **kwargs)
optimal/lib/python3.12/site-packages/django/db/models/query.py:1847: in _insert
    return query.get_compiler(using=using).execute_sql(returning_fields)
optimal/lib/python3.12/site-packages/django/db/models/sql/compiler.py:1836: in execute_sql
    cursor.execute(sql, params)
optimal/lib/python3.12/site-packages/django/db/backends/utils.py:122: in execute
    return super().execute(sql, params)
optimal/lib/python3.12/site-packages/django/db/backends/utils.py:79: in execute
    return self._execute_with_wrappers(
optimal/lib/python3.12/site-packages/django/db/backends/utils.py:92: in _execute_with_wrappers
    return executor(sql, params, many, context)
optimal/lib/python3.12/site-packages/django/db/backends/utils.py:100: in _execute
    with self.db.wrap_database_errors:
optimal/lib/python3.12/site-packages/django/db/utils.py:91: in __exit__
    raise dj_exc_value.with_traceback(traceback) from exc_value
optimal/lib/python3.12/site-packages/django/db/backends/utils.py:105: in _execute
    return self.cursor.execute(sql, params)
_ _ _ _ _ _ _ _ _ _ _ _ _ _ _ _ _ _ _ _ _ _ _ _ _ _ _ _ _ _ _ _ _ _ _ _ _ _ _ _ 

self = <django.db.backends.sqlite3.base.SQLiteCursorWrapper object at 0x74c2daee04d0>
query = 'INSERT INTO "home_microarchitecture" ("name") VALUES (?) RETURNING "home_microarchitecture"."id"'
params = ('Zen 2',)

    def execute(self, query, params=None):
        if params is None:
            return super().execute(query)
        # Extract names if params is a mapping, i.e. "pyformat" style is used.
        param_names = list(params) if isinstance(params, Mapping) else None
        query = self.convert_query(query, param_names=param_names)
>       return super().execute(query, params)
E       django.db.utils.IntegrityError: UNIQUE constraint failed: home_microarchitecture.name

optimal/lib/python3.12/site-packages/django/db/backends/sqlite3/base.py:354: IntegrityError
__ ERROR at setup of CPUTestCase.test_CPU_object_cpu_microarchitecture_values __

self = <django.db.backends.utils.CursorDebugWrapper object at 0x74c2db3d7e90>
sql = 'INSERT INTO "home_microarchitecture" ("name") VALUES (%s) RETURNING "home_microarchitecture"."id"'
params = ('Zen 2',)
ignored_wrapper_args = (False, {'connection': <DatabaseWrapper vendor='sqlite' alias='default'>, 'cursor': <django.db.backends.utils.CursorDebugWrapper object at 0x74c2db3d7e90>})

    def _execute(self, sql, params, *ignored_wrapper_args):
        # Raise a warning during app initialization (stored_app_configs is only
        # ever set during testing).
        if not apps.ready and not apps.stored_app_configs:
            warnings.warn(self.APPS_NOT_READY_WARNING_MSG, category=RuntimeWarning)
        self.db.validate_no_broken_transaction()
        with self.db.wrap_database_errors:
            if params is None:
                # params default might be backend specific.
                return self.cursor.execute(sql)
            else:
>               return self.cursor.execute(sql, params)

optimal/lib/python3.12/site-packages/django/db/backends/utils.py:105: 
_ _ _ _ _ _ _ _ _ _ _ _ _ _ _ _ _ _ _ _ _ _ _ _ _ _ _ _ _ _ _ _ _ _ _ _ _ _ _ _ 

self = <django.db.backends.sqlite3.base.SQLiteCursorWrapper object at 0x74c2daee04d0>
query = 'INSERT INTO "home_microarchitecture" ("name") VALUES (?) RETURNING "home_microarchitecture"."id"'
params = ('Zen 2',)

    def execute(self, query, params=None):
        if params is None:
            return super().execute(query)
        # Extract names if params is a mapping, i.e. "pyformat" style is used.
        param_names = list(params) if isinstance(params, Mapping) else None
        query = self.convert_query(query, param_names=param_names)
>       return super().execute(query, params)
E       sqlite3.IntegrityError: UNIQUE constraint failed: home_microarchitecture.name

optimal/lib/python3.12/site-packages/django/db/backends/sqlite3/base.py:354: IntegrityError

The above exception was the direct cause of the following exception:

cls = <class 'home.tests.test_models.test_cpus.CPUTestCase'>

    @classmethod
    def setUpTestData(cls):
        # Create unique manufacturers to avoid UNIQUE constraint violations
        cls.manufacturer1 = Manufacturer.objects.create(name="UniqueIntel")
        cls.manufacturer2 = Manufacturer.objects.create(name="UniqueAMD")
    
        # Create unique Microarchitecture instances
>       cls.microarchitecture1 = Microarchitecture.objects.create(name="Zen 2")

home/tests/test_models/test_cpus.py:23: 
_ _ _ _ _ _ _ _ _ _ _ _ _ _ _ _ _ _ _ _ _ _ _ _ _ _ _ _ _ _ _ _ _ _ _ _ _ _ _ _ 
optimal/lib/python3.12/site-packages/django/db/models/manager.py:87: in manager_method
    return getattr(self.get_queryset(), name)(*args, **kwargs)
optimal/lib/python3.12/site-packages/django/db/models/query.py:679: in create
    obj.save(force_insert=True, using=self.db)
optimal/lib/python3.12/site-packages/django/db/models/base.py:891: in save
    self.save_base(
optimal/lib/python3.12/site-packages/django/db/models/base.py:997: in save_base
    updated = self._save_table(
optimal/lib/python3.12/site-packages/django/db/models/base.py:1160: in _save_table
    results = self._do_insert(
optimal/lib/python3.12/site-packages/django/db/models/base.py:1201: in _do_insert
    return manager._insert(
optimal/lib/python3.12/site-packages/django/db/models/manager.py:87: in manager_method
    return getattr(self.get_queryset(), name)(*args, **kwargs)
optimal/lib/python3.12/site-packages/django/db/models/query.py:1847: in _insert
    return query.get_compiler(using=using).execute_sql(returning_fields)
optimal/lib/python3.12/site-packages/django/db/models/sql/compiler.py:1836: in execute_sql
    cursor.execute(sql, params)
optimal/lib/python3.12/site-packages/django/db/backends/utils.py:122: in execute
    return super().execute(sql, params)
optimal/lib/python3.12/site-packages/django/db/backends/utils.py:79: in execute
    return self._execute_with_wrappers(
optimal/lib/python3.12/site-packages/django/db/backends/utils.py:92: in _execute_with_wrappers
    return executor(sql, params, many, context)
optimal/lib/python3.12/site-packages/django/db/backends/utils.py:100: in _execute
    with self.db.wrap_database_errors:
optimal/lib/python3.12/site-packages/django/db/utils.py:91: in __exit__
    raise dj_exc_value.with_traceback(traceback) from exc_value
optimal/lib/python3.12/site-packages/django/db/backends/utils.py:105: in _execute
    return self.cursor.execute(sql, params)
_ _ _ _ _ _ _ _ _ _ _ _ _ _ _ _ _ _ _ _ _ _ _ _ _ _ _ _ _ _ _ _ _ _ _ _ _ _ _ _ 

self = <django.db.backends.sqlite3.base.SQLiteCursorWrapper object at 0x74c2daee04d0>
query = 'INSERT INTO "home_microarchitecture" ("name") VALUES (?) RETURNING "home_microarchitecture"."id"'
params = ('Zen 2',)

    def execute(self, query, params=None):
        if params is None:
            return super().execute(query)
        # Extract names if params is a mapping, i.e. "pyformat" style is used.
        param_names = list(params) if isinstance(params, Mapping) else None
        query = self.convert_query(query, param_names=param_names)
>       return super().execute(query, params)
E       django.db.utils.IntegrityError: UNIQUE constraint failed: home_microarchitecture.name

optimal/lib/python3.12/site-packages/django/db/backends/sqlite3/base.py:354: IntegrityError
_____ ERROR at setup of CPUTestCase.test_CPU_object_cpu_socket_type_values _____

self = <django.db.backends.utils.CursorDebugWrapper object at 0x74c2db3d7e90>
sql = 'INSERT INTO "home_microarchitecture" ("name") VALUES (%s) RETURNING "home_microarchitecture"."id"'
params = ('Zen 2',)
ignored_wrapper_args = (False, {'connection': <DatabaseWrapper vendor='sqlite' alias='default'>, 'cursor': <django.db.backends.utils.CursorDebugWrapper object at 0x74c2db3d7e90>})

    def _execute(self, sql, params, *ignored_wrapper_args):
        # Raise a warning during app initialization (stored_app_configs is only
        # ever set during testing).
        if not apps.ready and not apps.stored_app_configs:
            warnings.warn(self.APPS_NOT_READY_WARNING_MSG, category=RuntimeWarning)
        self.db.validate_no_broken_transaction()
        with self.db.wrap_database_errors:
            if params is None:
                # params default might be backend specific.
                return self.cursor.execute(sql)
            else:
>               return self.cursor.execute(sql, params)

optimal/lib/python3.12/site-packages/django/db/backends/utils.py:105: 
_ _ _ _ _ _ _ _ _ _ _ _ _ _ _ _ _ _ _ _ _ _ _ _ _ _ _ _ _ _ _ _ _ _ _ _ _ _ _ _ 

self = <django.db.backends.sqlite3.base.SQLiteCursorWrapper object at 0x74c2daee04d0>
query = 'INSERT INTO "home_microarchitecture" ("name") VALUES (?) RETURNING "home_microarchitecture"."id"'
params = ('Zen 2',)

    def execute(self, query, params=None):
        if params is None:
            return super().execute(query)
        # Extract names if params is a mapping, i.e. "pyformat" style is used.
        param_names = list(params) if isinstance(params, Mapping) else None
        query = self.convert_query(query, param_names=param_names)
>       return super().execute(query, params)
E       sqlite3.IntegrityError: UNIQUE constraint failed: home_microarchitecture.name

optimal/lib/python3.12/site-packages/django/db/backends/sqlite3/base.py:354: IntegrityError

The above exception was the direct cause of the following exception:

cls = <class 'home.tests.test_models.test_cpus.CPUTestCase'>

    @classmethod
    def setUpTestData(cls):
        # Create unique manufacturers to avoid UNIQUE constraint violations
        cls.manufacturer1 = Manufacturer.objects.create(name="UniqueIntel")
        cls.manufacturer2 = Manufacturer.objects.create(name="UniqueAMD")
    
        # Create unique Microarchitecture instances
>       cls.microarchitecture1 = Microarchitecture.objects.create(name="Zen 2")

home/tests/test_models/test_cpus.py:23: 
_ _ _ _ _ _ _ _ _ _ _ _ _ _ _ _ _ _ _ _ _ _ _ _ _ _ _ _ _ _ _ _ _ _ _ _ _ _ _ _ 
optimal/lib/python3.12/site-packages/django/db/models/manager.py:87: in manager_method
    return getattr(self.get_queryset(), name)(*args, **kwargs)
optimal/lib/python3.12/site-packages/django/db/models/query.py:679: in create
    obj.save(force_insert=True, using=self.db)
optimal/lib/python3.12/site-packages/django/db/models/base.py:891: in save
    self.save_base(
optimal/lib/python3.12/site-packages/django/db/models/base.py:997: in save_base
    updated = self._save_table(
optimal/lib/python3.12/site-packages/django/db/models/base.py:1160: in _save_table
    results = self._do_insert(
optimal/lib/python3.12/site-packages/django/db/models/base.py:1201: in _do_insert
    return manager._insert(
optimal/lib/python3.12/site-packages/django/db/models/manager.py:87: in manager_method
    return getattr(self.get_queryset(), name)(*args, **kwargs)
optimal/lib/python3.12/site-packages/django/db/models/query.py:1847: in _insert
    return query.get_compiler(using=using).execute_sql(returning_fields)
optimal/lib/python3.12/site-packages/django/db/models/sql/compiler.py:1836: in execute_sql
    cursor.execute(sql, params)
optimal/lib/python3.12/site-packages/django/db/backends/utils.py:122: in execute
    return super().execute(sql, params)
optimal/lib/python3.12/site-packages/django/db/backends/utils.py:79: in execute
    return self._execute_with_wrappers(
optimal/lib/python3.12/site-packages/django/db/backends/utils.py:92: in _execute_with_wrappers
    return executor(sql, params, many, context)
optimal/lib/python3.12/site-packages/django/db/backends/utils.py:100: in _execute
    with self.db.wrap_database_errors:
optimal/lib/python3.12/site-packages/django/db/utils.py:91: in __exit__
    raise dj_exc_value.with_traceback(traceback) from exc_value
optimal/lib/python3.12/site-packages/django/db/backends/utils.py:105: in _execute
    return self.cursor.execute(sql, params)
_ _ _ _ _ _ _ _ _ _ _ _ _ _ _ _ _ _ _ _ _ _ _ _ _ _ _ _ _ _ _ _ _ _ _ _ _ _ _ _ 

self = <django.db.backends.sqlite3.base.SQLiteCursorWrapper object at 0x74c2daee04d0>
query = 'INSERT INTO "home_microarchitecture" ("name") VALUES (?) RETURNING "home_microarchitecture"."id"'
params = ('Zen 2',)

    def execute(self, query, params=None):
        if params is None:
            return super().execute(query)
        # Extract names if params is a mapping, i.e. "pyformat" style is used.
        param_names = list(params) if isinstance(params, Mapping) else None
        query = self.convert_query(query, param_names=param_names)
>       return super().execute(query, params)
E       django.db.utils.IntegrityError: UNIQUE constraint failed: home_microarchitecture.name

optimal/lib/python3.12/site-packages/django/db/backends/sqlite3/base.py:354: IntegrityError
_________ ERROR at setup of CPUTestCase.test_CPU_object_fields_values __________

self = <django.db.backends.utils.CursorDebugWrapper object at 0x74c2db3d7e90>
sql = 'INSERT INTO "home_microarchitecture" ("name") VALUES (%s) RETURNING "home_microarchitecture"."id"'
params = ('Zen 2',)
ignored_wrapper_args = (False, {'connection': <DatabaseWrapper vendor='sqlite' alias='default'>, 'cursor': <django.db.backends.utils.CursorDebugWrapper object at 0x74c2db3d7e90>})

    def _execute(self, sql, params, *ignored_wrapper_args):
        # Raise a warning during app initialization (stored_app_configs is only
        # ever set during testing).
        if not apps.ready and not apps.stored_app_configs:
            warnings.warn(self.APPS_NOT_READY_WARNING_MSG, category=RuntimeWarning)
        self.db.validate_no_broken_transaction()
        with self.db.wrap_database_errors:
            if params is None:
                # params default might be backend specific.
                return self.cursor.execute(sql)
            else:
>               return self.cursor.execute(sql, params)

optimal/lib/python3.12/site-packages/django/db/backends/utils.py:105: 
_ _ _ _ _ _ _ _ _ _ _ _ _ _ _ _ _ _ _ _ _ _ _ _ _ _ _ _ _ _ _ _ _ _ _ _ _ _ _ _ 

self = <django.db.backends.sqlite3.base.SQLiteCursorWrapper object at 0x74c2daee04d0>
query = 'INSERT INTO "home_microarchitecture" ("name") VALUES (?) RETURNING "home_microarchitecture"."id"'
params = ('Zen 2',)

    def execute(self, query, params=None):
        if params is None:
            return super().execute(query)
        # Extract names if params is a mapping, i.e. "pyformat" style is used.
        param_names = list(params) if isinstance(params, Mapping) else None
        query = self.convert_query(query, param_names=param_names)
>       return super().execute(query, params)
E       sqlite3.IntegrityError: UNIQUE constraint failed: home_microarchitecture.name

optimal/lib/python3.12/site-packages/django/db/backends/sqlite3/base.py:354: IntegrityError

The above exception was the direct cause of the following exception:

cls = <class 'home.tests.test_models.test_cpus.CPUTestCase'>

    @classmethod
    def setUpTestData(cls):
        # Create unique manufacturers to avoid UNIQUE constraint violations
        cls.manufacturer1 = Manufacturer.objects.create(name="UniqueIntel")
        cls.manufacturer2 = Manufacturer.objects.create(name="UniqueAMD")
    
        # Create unique Microarchitecture instances
>       cls.microarchitecture1 = Microarchitecture.objects.create(name="Zen 2")

home/tests/test_models/test_cpus.py:23: 
_ _ _ _ _ _ _ _ _ _ _ _ _ _ _ _ _ _ _ _ _ _ _ _ _ _ _ _ _ _ _ _ _ _ _ _ _ _ _ _ 
optimal/lib/python3.12/site-packages/django/db/models/manager.py:87: in manager_method
    return getattr(self.get_queryset(), name)(*args, **kwargs)
optimal/lib/python3.12/site-packages/django/db/models/query.py:679: in create
    obj.save(force_insert=True, using=self.db)
optimal/lib/python3.12/site-packages/django/db/models/base.py:891: in save
    self.save_base(
optimal/lib/python3.12/site-packages/django/db/models/base.py:997: in save_base
    updated = self._save_table(
optimal/lib/python3.12/site-packages/django/db/models/base.py:1160: in _save_table
    results = self._do_insert(
optimal/lib/python3.12/site-packages/django/db/models/base.py:1201: in _do_insert
    return manager._insert(
optimal/lib/python3.12/site-packages/django/db/models/manager.py:87: in manager_method
    return getattr(self.get_queryset(), name)(*args, **kwargs)
optimal/lib/python3.12/site-packages/django/db/models/query.py:1847: in _insert
    return query.get_compiler(using=using).execute_sql(returning_fields)
optimal/lib/python3.12/site-packages/django/db/models/sql/compiler.py:1836: in execute_sql
    cursor.execute(sql, params)
optimal/lib/python3.12/site-packages/django/db/backends/utils.py:122: in execute
    return super().execute(sql, params)
optimal/lib/python3.12/site-packages/django/db/backends/utils.py:79: in execute
    return self._execute_with_wrappers(
optimal/lib/python3.12/site-packages/django/db/backends/utils.py:92: in _execute_with_wrappers
    return executor(sql, params, many, context)
optimal/lib/python3.12/site-packages/django/db/backends/utils.py:100: in _execute
    with self.db.wrap_database_errors:
optimal/lib/python3.12/site-packages/django/db/utils.py:91: in __exit__
    raise dj_exc_value.with_traceback(traceback) from exc_value
optimal/lib/python3.12/site-packages/django/db/backends/utils.py:105: in _execute
    return self.cursor.execute(sql, params)
_ _ _ _ _ _ _ _ _ _ _ _ _ _ _ _ _ _ _ _ _ _ _ _ _ _ _ _ _ _ _ _ _ _ _ _ _ _ _ _ 

self = <django.db.backends.sqlite3.base.SQLiteCursorWrapper object at 0x74c2daee04d0>
query = 'INSERT INTO "home_microarchitecture" ("name") VALUES (?) RETURNING "home_microarchitecture"."id"'
params = ('Zen 2',)

    def execute(self, query, params=None):
        if params is None:
            return super().execute(query)
        # Extract names if params is a mapping, i.e. "pyformat" style is used.
        param_names = list(params) if isinstance(params, Mapping) else None
        query = self.convert_query(query, param_names=param_names)
>       return super().execute(query, params)
E       django.db.utils.IntegrityError: UNIQUE constraint failed: home_microarchitecture.name

optimal/lib/python3.12/site-packages/django/db/backends/sqlite3/base.py:354: IntegrityError
________ ERROR at setup of CPUTestCase.test_CPU_socket_type_field_label ________

self = <django.db.backends.utils.CursorDebugWrapper object at 0x74c2db3d7e90>
sql = 'INSERT INTO "home_microarchitecture" ("name") VALUES (%s) RETURNING "home_microarchitecture"."id"'
params = ('Zen 2',)
ignored_wrapper_args = (False, {'connection': <DatabaseWrapper vendor='sqlite' alias='default'>, 'cursor': <django.db.backends.utils.CursorDebugWrapper object at 0x74c2db3d7e90>})

    def _execute(self, sql, params, *ignored_wrapper_args):
        # Raise a warning during app initialization (stored_app_configs is only
        # ever set during testing).
        if not apps.ready and not apps.stored_app_configs:
            warnings.warn(self.APPS_NOT_READY_WARNING_MSG, category=RuntimeWarning)
        self.db.validate_no_broken_transaction()
        with self.db.wrap_database_errors:
            if params is None:
                # params default might be backend specific.
                return self.cursor.execute(sql)
            else:
>               return self.cursor.execute(sql, params)

optimal/lib/python3.12/site-packages/django/db/backends/utils.py:105: 
_ _ _ _ _ _ _ _ _ _ _ _ _ _ _ _ _ _ _ _ _ _ _ _ _ _ _ _ _ _ _ _ _ _ _ _ _ _ _ _ 

self = <django.db.backends.sqlite3.base.SQLiteCursorWrapper object at 0x74c2daee04d0>
query = 'INSERT INTO "home_microarchitecture" ("name") VALUES (?) RETURNING "home_microarchitecture"."id"'
params = ('Zen 2',)

    def execute(self, query, params=None):
        if params is None:
            return super().execute(query)
        # Extract names if params is a mapping, i.e. "pyformat" style is used.
        param_names = list(params) if isinstance(params, Mapping) else None
        query = self.convert_query(query, param_names=param_names)
>       return super().execute(query, params)
E       sqlite3.IntegrityError: UNIQUE constraint failed: home_microarchitecture.name

optimal/lib/python3.12/site-packages/django/db/backends/sqlite3/base.py:354: IntegrityError

The above exception was the direct cause of the following exception:

cls = <class 'home.tests.test_models.test_cpus.CPUTestCase'>

    @classmethod
    def setUpTestData(cls):
        # Create unique manufacturers to avoid UNIQUE constraint violations
        cls.manufacturer1 = Manufacturer.objects.create(name="UniqueIntel")
        cls.manufacturer2 = Manufacturer.objects.create(name="UniqueAMD")
    
        # Create unique Microarchitecture instances
>       cls.microarchitecture1 = Microarchitecture.objects.create(name="Zen 2")

home/tests/test_models/test_cpus.py:23: 
_ _ _ _ _ _ _ _ _ _ _ _ _ _ _ _ _ _ _ _ _ _ _ _ _ _ _ _ _ _ _ _ _ _ _ _ _ _ _ _ 
optimal/lib/python3.12/site-packages/django/db/models/manager.py:87: in manager_method
    return getattr(self.get_queryset(), name)(*args, **kwargs)
optimal/lib/python3.12/site-packages/django/db/models/query.py:679: in create
    obj.save(force_insert=True, using=self.db)
optimal/lib/python3.12/site-packages/django/db/models/base.py:891: in save
    self.save_base(
optimal/lib/python3.12/site-packages/django/db/models/base.py:997: in save_base
    updated = self._save_table(
optimal/lib/python3.12/site-packages/django/db/models/base.py:1160: in _save_table
    results = self._do_insert(
optimal/lib/python3.12/site-packages/django/db/models/base.py:1201: in _do_insert
    return manager._insert(
optimal/lib/python3.12/site-packages/django/db/models/manager.py:87: in manager_method
    return getattr(self.get_queryset(), name)(*args, **kwargs)
optimal/lib/python3.12/site-packages/django/db/models/query.py:1847: in _insert
    return query.get_compiler(using=using).execute_sql(returning_fields)
optimal/lib/python3.12/site-packages/django/db/models/sql/compiler.py:1836: in execute_sql
    cursor.execute(sql, params)
optimal/lib/python3.12/site-packages/django/db/backends/utils.py:122: in execute
    return super().execute(sql, params)
optimal/lib/python3.12/site-packages/django/db/backends/utils.py:79: in execute
    return self._execute_with_wrappers(
optimal/lib/python3.12/site-packages/django/db/backends/utils.py:92: in _execute_with_wrappers
    return executor(sql, params, many, context)
optimal/lib/python3.12/site-packages/django/db/backends/utils.py:100: in _execute
    with self.db.wrap_database_errors:
optimal/lib/python3.12/site-packages/django/db/utils.py:91: in __exit__
    raise dj_exc_value.with_traceback(traceback) from exc_value
optimal/lib/python3.12/site-packages/django/db/backends/utils.py:105: in _execute
    return self.cursor.execute(sql, params)
_ _ _ _ _ _ _ _ _ _ _ _ _ _ _ _ _ _ _ _ _ _ _ _ _ _ _ _ _ _ _ _ _ _ _ _ _ _ _ _ 

self = <django.db.backends.sqlite3.base.SQLiteCursorWrapper object at 0x74c2daee04d0>
query = 'INSERT INTO "home_microarchitecture" ("name") VALUES (?) RETURNING "home_microarchitecture"."id"'
params = ('Zen 2',)

    def execute(self, query, params=None):
        if params is None:
            return super().execute(query)
        # Extract names if params is a mapping, i.e. "pyformat" style is used.
        param_names = list(params) if isinstance(params, Mapping) else None
        query = self.convert_query(query, param_names=param_names)
>       return super().execute(query, params)
E       django.db.utils.IntegrityError: UNIQUE constraint failed: home_microarchitecture.name

optimal/lib/python3.12/site-packages/django/db/backends/sqlite3/base.py:354: IntegrityError
____________ ERROR at setup of CPUTestCase.test_cpu_name_validation ____________

self = <django.db.backends.utils.CursorDebugWrapper object at 0x74c2db3d7e90>
sql = 'INSERT INTO "home_microarchitecture" ("name") VALUES (%s) RETURNING "home_microarchitecture"."id"'
params = ('Zen 2',)
ignored_wrapper_args = (False, {'connection': <DatabaseWrapper vendor='sqlite' alias='default'>, 'cursor': <django.db.backends.utils.CursorDebugWrapper object at 0x74c2db3d7e90>})

    def _execute(self, sql, params, *ignored_wrapper_args):
        # Raise a warning during app initialization (stored_app_configs is only
        # ever set during testing).
        if not apps.ready and not apps.stored_app_configs:
            warnings.warn(self.APPS_NOT_READY_WARNING_MSG, category=RuntimeWarning)
        self.db.validate_no_broken_transaction()
        with self.db.wrap_database_errors:
            if params is None:
                # params default might be backend specific.
                return self.cursor.execute(sql)
            else:
>               return self.cursor.execute(sql, params)

optimal/lib/python3.12/site-packages/django/db/backends/utils.py:105: 
_ _ _ _ _ _ _ _ _ _ _ _ _ _ _ _ _ _ _ _ _ _ _ _ _ _ _ _ _ _ _ _ _ _ _ _ _ _ _ _ 

self = <django.db.backends.sqlite3.base.SQLiteCursorWrapper object at 0x74c2daee04d0>
query = 'INSERT INTO "home_microarchitecture" ("name") VALUES (?) RETURNING "home_microarchitecture"."id"'
params = ('Zen 2',)

    def execute(self, query, params=None):
        if params is None:
            return super().execute(query)
        # Extract names if params is a mapping, i.e. "pyformat" style is used.
        param_names = list(params) if isinstance(params, Mapping) else None
        query = self.convert_query(query, param_names=param_names)
>       return super().execute(query, params)
E       sqlite3.IntegrityError: UNIQUE constraint failed: home_microarchitecture.name

optimal/lib/python3.12/site-packages/django/db/backends/sqlite3/base.py:354: IntegrityError

The above exception was the direct cause of the following exception:

cls = <class 'home.tests.test_models.test_cpus.CPUTestCase'>

    @classmethod
    def setUpTestData(cls):
        # Create unique manufacturers to avoid UNIQUE constraint violations
        cls.manufacturer1 = Manufacturer.objects.create(name="UniqueIntel")
        cls.manufacturer2 = Manufacturer.objects.create(name="UniqueAMD")
    
        # Create unique Microarchitecture instances
>       cls.microarchitecture1 = Microarchitecture.objects.create(name="Zen 2")

home/tests/test_models/test_cpus.py:23: 
_ _ _ _ _ _ _ _ _ _ _ _ _ _ _ _ _ _ _ _ _ _ _ _ _ _ _ _ _ _ _ _ _ _ _ _ _ _ _ _ 
optimal/lib/python3.12/site-packages/django/db/models/manager.py:87: in manager_method
    return getattr(self.get_queryset(), name)(*args, **kwargs)
optimal/lib/python3.12/site-packages/django/db/models/query.py:679: in create
    obj.save(force_insert=True, using=self.db)
optimal/lib/python3.12/site-packages/django/db/models/base.py:891: in save
    self.save_base(
optimal/lib/python3.12/site-packages/django/db/models/base.py:997: in save_base
    updated = self._save_table(
optimal/lib/python3.12/site-packages/django/db/models/base.py:1160: in _save_table
    results = self._do_insert(
optimal/lib/python3.12/site-packages/django/db/models/base.py:1201: in _do_insert
    return manager._insert(
optimal/lib/python3.12/site-packages/django/db/models/manager.py:87: in manager_method
    return getattr(self.get_queryset(), name)(*args, **kwargs)
optimal/lib/python3.12/site-packages/django/db/models/query.py:1847: in _insert
    return query.get_compiler(using=using).execute_sql(returning_fields)
optimal/lib/python3.12/site-packages/django/db/models/sql/compiler.py:1836: in execute_sql
    cursor.execute(sql, params)
optimal/lib/python3.12/site-packages/django/db/backends/utils.py:122: in execute
    return super().execute(sql, params)
optimal/lib/python3.12/site-packages/django/db/backends/utils.py:79: in execute
    return self._execute_with_wrappers(
optimal/lib/python3.12/site-packages/django/db/backends/utils.py:92: in _execute_with_wrappers
    return executor(sql, params, many, context)
optimal/lib/python3.12/site-packages/django/db/backends/utils.py:100: in _execute
    with self.db.wrap_database_errors:
optimal/lib/python3.12/site-packages/django/db/utils.py:91: in __exit__
    raise dj_exc_value.with_traceback(traceback) from exc_value
optimal/lib/python3.12/site-packages/django/db/backends/utils.py:105: in _execute
    return self.cursor.execute(sql, params)
_ _ _ _ _ _ _ _ _ _ _ _ _ _ _ _ _ _ _ _ _ _ _ _ _ _ _ _ _ _ _ _ _ _ _ _ _ _ _ _ 

self = <django.db.backends.sqlite3.base.SQLiteCursorWrapper object at 0x74c2daee04d0>
query = 'INSERT INTO "home_microarchitecture" ("name") VALUES (?) RETURNING "home_microarchitecture"."id"'
params = ('Zen 2',)

    def execute(self, query, params=None):
        if params is None:
            return super().execute(query)
        # Extract names if params is a mapping, i.e. "pyformat" style is used.
        param_names = list(params) if isinstance(params, Mapping) else None
        query = self.convert_query(query, param_names=param_names)
>       return super().execute(query, params)
E       django.db.utils.IntegrityError: UNIQUE constraint failed: home_microarchitecture.name

optimal/lib/python3.12/site-packages/django/db/backends/sqlite3/base.py:354: IntegrityError
__________________ ERROR at setup of CPUTestCase.test_cpu_str __________________

self = <django.db.backends.utils.CursorDebugWrapper object at 0x74c2db3d7e90>
sql = 'INSERT INTO "home_microarchitecture" ("name") VALUES (%s) RETURNING "home_microarchitecture"."id"'
params = ('Zen 2',)
ignored_wrapper_args = (False, {'connection': <DatabaseWrapper vendor='sqlite' alias='default'>, 'cursor': <django.db.backends.utils.CursorDebugWrapper object at 0x74c2db3d7e90>})

    def _execute(self, sql, params, *ignored_wrapper_args):
        # Raise a warning during app initialization (stored_app_configs is only
        # ever set during testing).
        if not apps.ready and not apps.stored_app_configs:
            warnings.warn(self.APPS_NOT_READY_WARNING_MSG, category=RuntimeWarning)
        self.db.validate_no_broken_transaction()
        with self.db.wrap_database_errors:
            if params is None:
                # params default might be backend specific.
                return self.cursor.execute(sql)
            else:
>               return self.cursor.execute(sql, params)

optimal/lib/python3.12/site-packages/django/db/backends/utils.py:105: 
_ _ _ _ _ _ _ _ _ _ _ _ _ _ _ _ _ _ _ _ _ _ _ _ _ _ _ _ _ _ _ _ _ _ _ _ _ _ _ _ 

self = <django.db.backends.sqlite3.base.SQLiteCursorWrapper object at 0x74c2daee04d0>
query = 'INSERT INTO "home_microarchitecture" ("name") VALUES (?) RETURNING "home_microarchitecture"."id"'
params = ('Zen 2',)

    def execute(self, query, params=None):
        if params is None:
            return super().execute(query)
        # Extract names if params is a mapping, i.e. "pyformat" style is used.
        param_names = list(params) if isinstance(params, Mapping) else None
        query = self.convert_query(query, param_names=param_names)
>       return super().execute(query, params)
E       sqlite3.IntegrityError: UNIQUE constraint failed: home_microarchitecture.name

optimal/lib/python3.12/site-packages/django/db/backends/sqlite3/base.py:354: IntegrityError

The above exception was the direct cause of the following exception:

cls = <class 'home.tests.test_models.test_cpus.CPUTestCase'>

    @classmethod
    def setUpTestData(cls):
        # Create unique manufacturers to avoid UNIQUE constraint violations
        cls.manufacturer1 = Manufacturer.objects.create(name="UniqueIntel")
        cls.manufacturer2 = Manufacturer.objects.create(name="UniqueAMD")
    
        # Create unique Microarchitecture instances
>       cls.microarchitecture1 = Microarchitecture.objects.create(name="Zen 2")

home/tests/test_models/test_cpus.py:23: 
_ _ _ _ _ _ _ _ _ _ _ _ _ _ _ _ _ _ _ _ _ _ _ _ _ _ _ _ _ _ _ _ _ _ _ _ _ _ _ _ 
optimal/lib/python3.12/site-packages/django/db/models/manager.py:87: in manager_method
    return getattr(self.get_queryset(), name)(*args, **kwargs)
optimal/lib/python3.12/site-packages/django/db/models/query.py:679: in create
    obj.save(force_insert=True, using=self.db)
optimal/lib/python3.12/site-packages/django/db/models/base.py:891: in save
    self.save_base(
optimal/lib/python3.12/site-packages/django/db/models/base.py:997: in save_base
    updated = self._save_table(
optimal/lib/python3.12/site-packages/django/db/models/base.py:1160: in _save_table
    results = self._do_insert(
optimal/lib/python3.12/site-packages/django/db/models/base.py:1201: in _do_insert
    return manager._insert(
optimal/lib/python3.12/site-packages/django/db/models/manager.py:87: in manager_method
    return getattr(self.get_queryset(), name)(*args, **kwargs)
optimal/lib/python3.12/site-packages/django/db/models/query.py:1847: in _insert
    return query.get_compiler(using=using).execute_sql(returning_fields)
optimal/lib/python3.12/site-packages/django/db/models/sql/compiler.py:1836: in execute_sql
    cursor.execute(sql, params)
optimal/lib/python3.12/site-packages/django/db/backends/utils.py:122: in execute
    return super().execute(sql, params)
optimal/lib/python3.12/site-packages/django/db/backends/utils.py:79: in execute
    return self._execute_with_wrappers(
optimal/lib/python3.12/site-packages/django/db/backends/utils.py:92: in _execute_with_wrappers
    return executor(sql, params, many, context)
optimal/lib/python3.12/site-packages/django/db/backends/utils.py:100: in _execute
    with self.db.wrap_database_errors:
optimal/lib/python3.12/site-packages/django/db/utils.py:91: in __exit__
    raise dj_exc_value.with_traceback(traceback) from exc_value
optimal/lib/python3.12/site-packages/django/db/backends/utils.py:105: in _execute
    return self.cursor.execute(sql, params)
_ _ _ _ _ _ _ _ _ _ _ _ _ _ _ _ _ _ _ _ _ _ _ _ _ _ _ _ _ _ _ _ _ _ _ _ _ _ _ _ 

self = <django.db.backends.sqlite3.base.SQLiteCursorWrapper object at 0x74c2daee04d0>
query = 'INSERT INTO "home_microarchitecture" ("name") VALUES (?) RETURNING "home_microarchitecture"."id"'
params = ('Zen 2',)

    def execute(self, query, params=None):
        if params is None:
            return super().execute(query)
        # Extract names if params is a mapping, i.e. "pyformat" style is used.
        param_names = list(params) if isinstance(params, Mapping) else None
        query = self.convert_query(query, param_names=param_names)
>       return super().execute(query, params)
E       django.db.utils.IntegrityError: UNIQUE constraint failed: home_microarchitecture.name

optimal/lib/python3.12/site-packages/django/db/backends/sqlite3/base.py:354: IntegrityError
_______________ ERROR at setup of CPUTestCase.test_unique_cpu_id _______________

self = <django.db.backends.utils.CursorDebugWrapper object at 0x74c2db3d7e90>
sql = 'INSERT INTO "home_microarchitecture" ("name") VALUES (%s) RETURNING "home_microarchitecture"."id"'
params = ('Zen 2',)
ignored_wrapper_args = (False, {'connection': <DatabaseWrapper vendor='sqlite' alias='default'>, 'cursor': <django.db.backends.utils.CursorDebugWrapper object at 0x74c2db3d7e90>})

    def _execute(self, sql, params, *ignored_wrapper_args):
        # Raise a warning during app initialization (stored_app_configs is only
        # ever set during testing).
        if not apps.ready and not apps.stored_app_configs:
            warnings.warn(self.APPS_NOT_READY_WARNING_MSG, category=RuntimeWarning)
        self.db.validate_no_broken_transaction()
        with self.db.wrap_database_errors:
            if params is None:
                # params default might be backend specific.
                return self.cursor.execute(sql)
            else:
>               return self.cursor.execute(sql, params)

optimal/lib/python3.12/site-packages/django/db/backends/utils.py:105: 
_ _ _ _ _ _ _ _ _ _ _ _ _ _ _ _ _ _ _ _ _ _ _ _ _ _ _ _ _ _ _ _ _ _ _ _ _ _ _ _ 

self = <django.db.backends.sqlite3.base.SQLiteCursorWrapper object at 0x74c2daee04d0>
query = 'INSERT INTO "home_microarchitecture" ("name") VALUES (?) RETURNING "home_microarchitecture"."id"'
params = ('Zen 2',)

    def execute(self, query, params=None):
        if params is None:
            return super().execute(query)
        # Extract names if params is a mapping, i.e. "pyformat" style is used.
        param_names = list(params) if isinstance(params, Mapping) else None
        query = self.convert_query(query, param_names=param_names)
>       return super().execute(query, params)
E       sqlite3.IntegrityError: UNIQUE constraint failed: home_microarchitecture.name

optimal/lib/python3.12/site-packages/django/db/backends/sqlite3/base.py:354: IntegrityError

The above exception was the direct cause of the following exception:

cls = <class 'home.tests.test_models.test_cpus.CPUTestCase'>

    @classmethod
    def setUpTestData(cls):
        # Create unique manufacturers to avoid UNIQUE constraint violations
        cls.manufacturer1 = Manufacturer.objects.create(name="UniqueIntel")
        cls.manufacturer2 = Manufacturer.objects.create(name="UniqueAMD")
    
        # Create unique Microarchitecture instances
>       cls.microarchitecture1 = Microarchitecture.objects.create(name="Zen 2")

home/tests/test_models/test_cpus.py:23: 
_ _ _ _ _ _ _ _ _ _ _ _ _ _ _ _ _ _ _ _ _ _ _ _ _ _ _ _ _ _ _ _ _ _ _ _ _ _ _ _ 
optimal/lib/python3.12/site-packages/django/db/models/manager.py:87: in manager_method
    return getattr(self.get_queryset(), name)(*args, **kwargs)
optimal/lib/python3.12/site-packages/django/db/models/query.py:679: in create
    obj.save(force_insert=True, using=self.db)
optimal/lib/python3.12/site-packages/django/db/models/base.py:891: in save
    self.save_base(
optimal/lib/python3.12/site-packages/django/db/models/base.py:997: in save_base
    updated = self._save_table(
optimal/lib/python3.12/site-packages/django/db/models/base.py:1160: in _save_table
    results = self._do_insert(
optimal/lib/python3.12/site-packages/django/db/models/base.py:1201: in _do_insert
    return manager._insert(
optimal/lib/python3.12/site-packages/django/db/models/manager.py:87: in manager_method
    return getattr(self.get_queryset(), name)(*args, **kwargs)
optimal/lib/python3.12/site-packages/django/db/models/query.py:1847: in _insert
    return query.get_compiler(using=using).execute_sql(returning_fields)
optimal/lib/python3.12/site-packages/django/db/models/sql/compiler.py:1836: in execute_sql
    cursor.execute(sql, params)
optimal/lib/python3.12/site-packages/django/db/backends/utils.py:122: in execute
    return super().execute(sql, params)
optimal/lib/python3.12/site-packages/django/db/backends/utils.py:79: in execute
    return self._execute_with_wrappers(
optimal/lib/python3.12/site-packages/django/db/backends/utils.py:92: in _execute_with_wrappers
    return executor(sql, params, many, context)
optimal/lib/python3.12/site-packages/django/db/backends/utils.py:100: in _execute
    with self.db.wrap_database_errors:
optimal/lib/python3.12/site-packages/django/db/utils.py:91: in __exit__
    raise dj_exc_value.with_traceback(traceback) from exc_value
optimal/lib/python3.12/site-packages/django/db/backends/utils.py:105: in _execute
    return self.cursor.execute(sql, params)
_ _ _ _ _ _ _ _ _ _ _ _ _ _ _ _ _ _ _ _ _ _ _ _ _ _ _ _ _ _ _ _ _ _ _ _ _ _ _ _ 

self = <django.db.backends.sqlite3.base.SQLiteCursorWrapper object at 0x74c2daee04d0>
query = 'INSERT INTO "home_microarchitecture" ("name") VALUES (?) RETURNING "home_microarchitecture"."id"'
params = ('Zen 2',)

    def execute(self, query, params=None):
        if params is None:
            return super().execute(query)
        # Extract names if params is a mapping, i.e. "pyformat" style is used.
        param_names = list(params) if isinstance(params, Mapping) else None
        query = self.convert_query(query, param_names=param_names)
>       return super().execute(query, params)
E       django.db.utils.IntegrityError: UNIQUE constraint failed: home_microarchitecture.name

optimal/lib/python3.12/site-packages/django/db/backends/sqlite3/base.py:354: IntegrityError
_ ERROR at setup of CPUSocketTypeTestCase.test_CPUSocketType_name_field_label __

self = <django.db.backends.utils.CursorDebugWrapper object at 0x74c2da6f8680>
sql = 'INSERT INTO "home_cpusockettype" ("name") VALUES (%s) RETURNING "home_cpusockettype"."id"'
params = ('LGA1151',)
ignored_wrapper_args = (False, {'connection': <DatabaseWrapper vendor='sqlite' alias='default'>, 'cursor': <django.db.backends.utils.CursorDebugWrapper object at 0x74c2da6f8680>})

    def _execute(self, sql, params, *ignored_wrapper_args):
        # Raise a warning during app initialization (stored_app_configs is only
        # ever set during testing).
        if not apps.ready and not apps.stored_app_configs:
            warnings.warn(self.APPS_NOT_READY_WARNING_MSG, category=RuntimeWarning)
        self.db.validate_no_broken_transaction()
        with self.db.wrap_database_errors:
            if params is None:
                # params default might be backend specific.
                return self.cursor.execute(sql)
            else:
>               return self.cursor.execute(sql, params)

optimal/lib/python3.12/site-packages/django/db/backends/utils.py:105: 
_ _ _ _ _ _ _ _ _ _ _ _ _ _ _ _ _ _ _ _ _ _ _ _ _ _ _ _ _ _ _ _ _ _ _ _ _ _ _ _ 

self = <django.db.backends.sqlite3.base.SQLiteCursorWrapper object at 0x74c2db673890>
query = 'INSERT INTO "home_cpusockettype" ("name") VALUES (?) RETURNING "home_cpusockettype"."id"'
params = ('LGA1151',)

    def execute(self, query, params=None):
        if params is None:
            return super().execute(query)
        # Extract names if params is a mapping, i.e. "pyformat" style is used.
        param_names = list(params) if isinstance(params, Mapping) else None
        query = self.convert_query(query, param_names=param_names)
>       return super().execute(query, params)
E       sqlite3.IntegrityError: UNIQUE constraint failed: home_cpusockettype.name

optimal/lib/python3.12/site-packages/django/db/backends/sqlite3/base.py:354: IntegrityError

The above exception was the direct cause of the following exception:

cls = <class 'home.tests.test_models.test_cpusockettype.CPUSocketTypeTestCase'>

    @classmethod
    def setUpTestData(cls):
        # Create CPU socket type instances
>       cls.socket_type1 = CPUSocketType.objects.create(name="LGA1151")

home/tests/test_models/test_cpusockettype.py:19: 
_ _ _ _ _ _ _ _ _ _ _ _ _ _ _ _ _ _ _ _ _ _ _ _ _ _ _ _ _ _ _ _ _ _ _ _ _ _ _ _ 
optimal/lib/python3.12/site-packages/django/db/models/manager.py:87: in manager_method
    return getattr(self.get_queryset(), name)(*args, **kwargs)
optimal/lib/python3.12/site-packages/django/db/models/query.py:679: in create
    obj.save(force_insert=True, using=self.db)
optimal/lib/python3.12/site-packages/django/db/models/base.py:891: in save
    self.save_base(
optimal/lib/python3.12/site-packages/django/db/models/base.py:997: in save_base
    updated = self._save_table(
optimal/lib/python3.12/site-packages/django/db/models/base.py:1160: in _save_table
    results = self._do_insert(
optimal/lib/python3.12/site-packages/django/db/models/base.py:1201: in _do_insert
    return manager._insert(
optimal/lib/python3.12/site-packages/django/db/models/manager.py:87: in manager_method
    return getattr(self.get_queryset(), name)(*args, **kwargs)
optimal/lib/python3.12/site-packages/django/db/models/query.py:1847: in _insert
    return query.get_compiler(using=using).execute_sql(returning_fields)
optimal/lib/python3.12/site-packages/django/db/models/sql/compiler.py:1836: in execute_sql
    cursor.execute(sql, params)
optimal/lib/python3.12/site-packages/django/db/backends/utils.py:122: in execute
    return super().execute(sql, params)
optimal/lib/python3.12/site-packages/django/db/backends/utils.py:79: in execute
    return self._execute_with_wrappers(
optimal/lib/python3.12/site-packages/django/db/backends/utils.py:92: in _execute_with_wrappers
    return executor(sql, params, many, context)
optimal/lib/python3.12/site-packages/django/db/backends/utils.py:100: in _execute
    with self.db.wrap_database_errors:
optimal/lib/python3.12/site-packages/django/db/utils.py:91: in __exit__
    raise dj_exc_value.with_traceback(traceback) from exc_value
optimal/lib/python3.12/site-packages/django/db/backends/utils.py:105: in _execute
    return self.cursor.execute(sql, params)
_ _ _ _ _ _ _ _ _ _ _ _ _ _ _ _ _ _ _ _ _ _ _ _ _ _ _ _ _ _ _ _ _ _ _ _ _ _ _ _ 

self = <django.db.backends.sqlite3.base.SQLiteCursorWrapper object at 0x74c2db673890>
query = 'INSERT INTO "home_cpusockettype" ("name") VALUES (?) RETURNING "home_cpusockettype"."id"'
params = ('LGA1151',)

    def execute(self, query, params=None):
        if params is None:
            return super().execute(query)
        # Extract names if params is a mapping, i.e. "pyformat" style is used.
        param_names = list(params) if isinstance(params, Mapping) else None
        query = self.convert_query(query, param_names=param_names)
>       return super().execute(query, params)
E       django.db.utils.IntegrityError: UNIQUE constraint failed: home_cpusockettype.name

optimal/lib/python3.12/site-packages/django/db/backends/sqlite3/base.py:354: IntegrityError
_ ERROR at setup of CPUSocketTypeTestCase.test_CPUSocketType_object_fields_values _

self = <django.db.backends.utils.CursorDebugWrapper object at 0x74c2da6f8680>
sql = 'INSERT INTO "home_cpusockettype" ("name") VALUES (%s) RETURNING "home_cpusockettype"."id"'
params = ('LGA1151',)
ignored_wrapper_args = (False, {'connection': <DatabaseWrapper vendor='sqlite' alias='default'>, 'cursor': <django.db.backends.utils.CursorDebugWrapper object at 0x74c2da6f8680>})

    def _execute(self, sql, params, *ignored_wrapper_args):
        # Raise a warning during app initialization (stored_app_configs is only
        # ever set during testing).
        if not apps.ready and not apps.stored_app_configs:
            warnings.warn(self.APPS_NOT_READY_WARNING_MSG, category=RuntimeWarning)
        self.db.validate_no_broken_transaction()
        with self.db.wrap_database_errors:
            if params is None:
                # params default might be backend specific.
                return self.cursor.execute(sql)
            else:
>               return self.cursor.execute(sql, params)

optimal/lib/python3.12/site-packages/django/db/backends/utils.py:105: 
_ _ _ _ _ _ _ _ _ _ _ _ _ _ _ _ _ _ _ _ _ _ _ _ _ _ _ _ _ _ _ _ _ _ _ _ _ _ _ _ 

self = <django.db.backends.sqlite3.base.SQLiteCursorWrapper object at 0x74c2db673890>
query = 'INSERT INTO "home_cpusockettype" ("name") VALUES (?) RETURNING "home_cpusockettype"."id"'
params = ('LGA1151',)

    def execute(self, query, params=None):
        if params is None:
            return super().execute(query)
        # Extract names if params is a mapping, i.e. "pyformat" style is used.
        param_names = list(params) if isinstance(params, Mapping) else None
        query = self.convert_query(query, param_names=param_names)
>       return super().execute(query, params)
E       sqlite3.IntegrityError: UNIQUE constraint failed: home_cpusockettype.name

optimal/lib/python3.12/site-packages/django/db/backends/sqlite3/base.py:354: IntegrityError

The above exception was the direct cause of the following exception:

cls = <class 'home.tests.test_models.test_cpusockettype.CPUSocketTypeTestCase'>

    @classmethod
    def setUpTestData(cls):
        # Create CPU socket type instances
>       cls.socket_type1 = CPUSocketType.objects.create(name="LGA1151")

home/tests/test_models/test_cpusockettype.py:19: 
_ _ _ _ _ _ _ _ _ _ _ _ _ _ _ _ _ _ _ _ _ _ _ _ _ _ _ _ _ _ _ _ _ _ _ _ _ _ _ _ 
optimal/lib/python3.12/site-packages/django/db/models/manager.py:87: in manager_method
[...]
    return getattr(self.get_queryset(), name)(*args, **kwargs)
optimal/lib/python3.12/site-packages/django/db/models/query.py:1847: in _insert
    return query.get_compiler(using=using).execute_sql(returning_fields)
optimal/lib/python3.12/site-packages/django/db/models/sql/compiler.py:1836: in execute_sql
    cursor.execute(sql, params)
optimal/lib/python3.12/site-packages/django/db/backends/utils.py:122: in execute
    return super().execute(sql, params)
optimal/lib/python3.12/site-packages/django/db/backends/utils.py:79: in execute
    return self._execute_with_wrappers(
optimal/lib/python3.12/site-packages/django/db/backends/utils.py:92: in _execute_with_wrappers
    return executor(sql, params, many, context)
optimal/lib/python3.12/site-packages/django/db/backends/utils.py:100: in _execute
    with self.db.wrap_database_errors:
optimal/lib/python3.12/site-packages/django/db/utils.py:91: in __exit__
    raise dj_exc_value.with_traceback(traceback) from exc_value
optimal/lib/python3.12/site-packages/django/db/backends/utils.py:105: in _execute
    return self.cursor.execute(sql, params)
_ _ _ _ _ _ _ _ _ _ _ _ _ _ _ _ _ _ _ _ _ _ _ _ _ _ _ _ _ _ _ _ _ _ _ _ _ _ _ _ 

self = <django.db.backends.sqlite3.base.SQLiteCursorWrapper object at 0x74c2db1924e0>
query = 'INSERT INTO "auth_user" ("password", "last_login", "is_superuser", "username", "first_name", "last_name", "email", "is_staff", "is_active", "date_joined") VALUES (?, ?, ?, ?, ?, ?, ?, ?, ?, ?) RETURNING "auth_user"."id"'
params = ('pbkdf2_sha256$870000$gmnaQWfAoy5uLziPTQNmDh$uKaU9Bd2aLB30ZTXeMsL1bxJLZlagXnX3xmro3bf4uQ=', None, False, 'testuser', '', '', ...)

    def execute(self, query, params=None):
        if params is None:
            return super().execute(query)
        # Extract names if params is a mapping, i.e. "pyformat" style is used.
        param_names = list(params) if isinstance(params, Mapping) else None
        query = self.convert_query(query, param_names=param_names)
>       return super().execute(query, params)
E       django.db.utils.IntegrityError: UNIQUE constraint failed: auth_user.username

optimal/lib/python3.12/site-packages/django/db/backends/sqlite3/base.py:354: IntegrityError

---------- coverage: platform linux, python 3.12.3-final-0 -----------
Name                                                Stmts   Miss  Cover
-----------------------------------------------------------------------
Optimal_Performance_Platform/__init__.py                0      0   100%
Optimal_Performance_Platform/asgi.py                    4      4     0%
Optimal_Performance_Platform/settings.py               30      0   100%
Optimal_Performance_Platform/urls.py                    4      4     0%
Optimal_Performance_Platform/wsgi.py                    4      4     0%
home/__init__.py                                        0      0   100%
home/admin.py                                          52     10    81%
home/apps.py                                            4      0   100%
home/compatibility_service.py                          64     56    12%
home/forms.py                                           9      9     0%
home/migrations/0001_initial.py                         8      8     0%
home/migrations/__init__.py                             0      0   100%
home/models.py                                        259     50    81%
home/populate_fake_data.py                             48     48     0%
home/serializers.py                                    88     88     0%
home/tests/__init__.py                                  0      0   100%
home/tests/conftest.py                                  5      0   100%
home/tests/test_all_views/__init__.py                   0      0   100%
home/tests/test_all_views/test_views.py               185    126    32%
home/tests/test_all_views/tests.py                    142    142     0%
home/tests/test_forms.py                                0      0   100%
home/tests/test_models/__init__.py                      0      0   100%
home/tests/test_models/test_builds.py                  46     21    54%
home/tests/test_models/test_cpus.py                    71     43    39%
home/tests/test_models/test_cpusockettype.py           34     16    53%
home/tests/test_models/test_formfactor.py              34      0   100%
home/tests/test_models/test_manufacturers.py           34     16    53%
home/tests/test_models/test_microarchitecture.py       34     16    53%
home/tests/test_models/test_motherboards.py            78     43    45%
home/tests/test_models/test_ram.py                     79     52    34%
home/tests/test_models/test_ram_attributes.py         103     55    47%
home/tests/test_models/test_storage.py                 69     44    36%
home/tests/test_models/test_storage_attributes.py      59     32    46%
home/tests/test_models/test_user_profile.py            33     11    67%
home/urls.py                                           16     16     0%
home/urls_api.py                                       10     10     0%
home/views.py                                         352    352     0%
home/views_api.py                                     215    215     0%
home/views_render.py                                   31     31     0%
manage.py                                              11     11     0%
-----------------------------------------------------------------------
TOTAL                                                2215   1533    31%

=========================== short test summary info ============================
FAILED home/tests/test_all_views/test_views.py::ViewsTestCase::test_404_view
FAILED home/tests/test_all_views/test_views.py::ViewsTestCase::test_account_page_no_builds
FAILED home/tests/test_all_views/test_views.py::ViewsTestCase::test_account_page_view
FAILED home/tests/test_all_views/test_views.py::ViewsTestCase::test_add_component_missing_parameters
FAILED home/tests/test_all_views/test_views.py::ViewsTestCase::test_add_duplicate_component
FAILED home/tests/test_all_views/test_views.py::ViewsTestCase::test_add_to_build
FAILED home/tests/test_all_views/test_views.py::ViewsTestCase::test_add_to_build_invalid_build
FAILED home/tests/test_all_views/test_views.py::ViewsTestCase::test_add_to_build_missing_component
FAILED home/tests/test_all_views/test_views.py::ViewsTestCase::test_authenticated_page
FAILED home/tests/test_all_views/test_views.py::ViewsTestCase::test_build_page_empty_components
FAILED home/tests/test_all_views/test_views.py::ViewsTestCase::test_build_page_mixed_builds
FAILED home/tests/test_all_views/test_views.py::ViewsTestCase::test_build_page_redirect_unauthenticated
FAILED home/tests/test_all_views/test_views.py::ViewsTestCase::test_build_page_special_characters
FAILED home/tests/test_all_views/test_views.py::ViewsTestCase::test_build_page_view
FAILED home/tests/test_all_views/test_views.py::ViewsTestCase::test_build_page_with_builds
FAILED home/tests/test_all_views/test_views.py::ViewsTestCase::test_cart_redirects_unauthenticated
FAILED home/tests/test_all_views/test_views.py::ViewsTestCase::test_delete_another_users_build
FAILED home/tests/test_all_views/test_views.py::ViewsTestCase::test_delete_build
FAILED home/tests/test_all_views/test_views.py::ViewsTestCase::test_delete_build_unauthenticated
FAILED home/tests/test_all_views/test_views.py::ViewsTestCase::test_delete_nonexistent_build
FAILED home/tests/test_all_views/test_views.py::ViewsTestCase::test_empty_cart_view
FAILED home/tests/test_all_views/test_views.py::ViewsTestCase::test_home_view
FAILED home/tests/test_all_views/test_views.py::ViewsTestCase::test_index_view
FAILED home/tests/test_all_views/test_views.py::ViewsTestCase::test_invalid_login
FAILED home/tests/test_all_views/test_views.py::ViewsTestCase::test_login_view
FAILED home/tests/test_all_views/test_views.py::ViewsTestCase::test_login_view_get
FAILED home/tests/test_all_views/test_views.py::ViewsTestCase::test_logout_redirects
FAILED home/tests/test_all_views/test_views.py::ViewsTestCase::test_logout_view
FAILED home/tests/test_all_views/test_views.py::ViewsTestCase::test_logout_while_logged_out
FAILED home/tests/test_all_views/test_views.py::ViewsTestCase::test_part_browser_view
FAILED home/tests/test_all_views/test_views.py::ViewsTestCase::test_pre_built_page
FAILED home/tests/test_all_views/test_views.py::ViewsTestCase::test_profile_creation_on_user_signup
FAILED home/tests/test_all_views/test_views.py::ViewsTestCase::test_redirect_after_login
FAILED home/tests/test_all_views/test_views.py::ViewsTestCase::test_register_view_get
FAILED home/tests/test_all_views/test_views.py::ViewsTestCase::test_remove_from_build
FAILED home/tests/test_all_views/test_views.py::ViewsTestCase::test_remove_nonexistent_component
FAILED home/tests/test_all_views/test_views.py::ViewsTestCase::test_remove_nonexistent_component_from_build
FAILED home/tests/test_all_views/test_views.py::ViewsTestCase::test_save_build_empty_name
FAILED home/tests/test_all_views/test_views.py::ViewsTestCase::test_save_build_missing_data
FAILED home/tests/test_all_views/test_views.py::ViewsTestCase::test_search_pc_parts_empty_results
FAILED home/tests/test_all_views/test_views.py::ViewsTestCase::test_search_pc_parts_invalid_query
FAILED home/tests/test_all_views/test_views.py::ViewsTestCase::test_search_pc_parts_no_query
FAILED home/tests/test_all_views/test_views.py::ViewsTestCase::test_search_pc_parts_with_query
FAILED home/tests/test_all_views/test_views.py::ViewsTestCase::test_unauthorized_access
FAILED home/tests/test_all_views/test_views.py::ViewsTestCase::test_view_build
FAILED home/tests/test_all_views/test_views.py::ViewsTestCase::test_view_cart_authenticated
FAILED home/tests/test_all_views/test_views.py::ViewsTestCase::test_view_cart_unauthenticated
FAILED home/tests/test_all_views/test_views.py::ViewsTestCase::test_view_nonexistent_build
FAILED home/tests/test_models/test_builds.py::CompatibilityServiceModelTests::test_motherboard_cpu_compatibility
FAILED home/tests/test_models/test_builds.py::CompatibilityServiceModelTests::test_motherboard_ram_compatibility
FAILED home/tests/test_models/test_builds.py::CompatibilityServiceModelTests::test_motherboard_storage_compatibility
FAILED home/tests/test_models/test_motherboards.py::MotherboardModelTests::test_cpu_creation
FAILED home/tests/test_models/test_motherboards.py::MotherboardModelTests::test_default_max_memory_capacity
FAILED home/tests/test_models/test_motherboards.py::MotherboardModelTests::test_default_price
FAILED home/tests/test_models/test_motherboards.py::MotherboardModelTests::test_incompatible_ram_capacity
FAILED home/tests/test_models/test_motherboards.py::MotherboardModelTests::test_incompatible_ram_type
FAILED home/tests/test_models/test_motherboards.py::MotherboardModelTests::test_max_ram_capacity_compatibility
FAILED home/tests/test_models/test_motherboards.py::MotherboardModelTests::test_min_ram_capacity_compatibility
FAILED home/tests/test_models/test_motherboards.py::MotherboardModelTests::test_motherboard_cpu_compatibility
FAILED home/tests/test_models/test_motherboards.py::MotherboardModelTests::test_motherboard_has_supported_ram_speeds
FAILED home/tests/test_models/test_motherboards.py::MotherboardModelTests::test_motherboard_has_supported_ram_types
FAILED home/tests/test_models/test_motherboards.py::MotherboardModelTests::test_motherboard_ram_compatibility
FAILED home/tests/test_models/test_motherboards.py::MotherboardModelTests::test_motherboard_storage_compatibility
FAILED home/tests/test_models/test_motherboards.py::MotherboardModelTests::test_motherboard_str
FAILED home/tests/test_models/test_motherboards.py::MotherboardModelTests::test_profile_creation
FAILED home/tests/test_models/test_ram_attributes.py::RAMNumberOfModulesTestCase::test_RAMNumberOfModules_object_fields_values
FAILED home/tests/test_models/test_ram_attributes.py::RAMNumberOfModulesTestCase::test_RAMNumberOfModules_object_fields_values_integer
FAILED home/tests/test_models/test_user_profile.py::UserProfileTests::test_profile_creation
FAILED home/tests/test_models/test_user_profile.py::UserProfileTests::test_profile_signal
FAILED home/tests/test_models/test_user_profile.py::UserProfileTests::test_user_creation
ERROR home/tests/test_models/test_cpus.py::CPUTestCase::test_CPU_cpu_id_field_label
ERROR home/tests/test_models/test_cpus.py::CPUTestCase::test_CPU_manufacturer_field_label
ERROR home/tests/test_models/test_cpus.py::CPUTestCase::test_CPU_microarchitecture_field_label
ERROR home/tests/test_models/test_cpus.py::CPUTestCase::test_CPU_name_field_label
ERROR home/tests/test_models/test_cpus.py::CPUTestCase::test_CPU_object_cpu_id_values
ERROR home/tests/test_models/test_cpus.py::CPUTestCase::test_CPU_object_cpu_manufacturer_values
ERROR home/tests/test_models/test_cpus.py::CPUTestCase::test_CPU_object_cpu_microarchitecture_values
ERROR home/tests/test_models/test_cpus.py::CPUTestCase::test_CPU_object_cpu_socket_type_values
ERROR home/tests/test_models/test_cpus.py::CPUTestCase::test_CPU_object_fields_values
ERROR home/tests/test_models/test_cpus.py::CPUTestCase::test_CPU_socket_type_field_label
ERROR home/tests/test_models/test_cpus.py::CPUTestCase::test_cpu_name_validation
ERROR home/tests/test_models/test_cpus.py::CPUTestCase::test_cpu_str - django...
ERROR home/tests/test_models/test_cpus.py::CPUTestCase::test_unique_cpu_id - ...
ERROR home/tests/test_models/test_cpusockettype.py::CPUSocketTypeTestCase::test_CPUSocketType_name_field_label
ERROR home/tests/test_models/test_cpusockettype.py::CPUSocketTypeTestCase::test_CPUSocketType_object_fields_values
ERROR home/tests/test_models/test_cpusockettype.py::CPUSocketTypeTestCase::test_cpusockettype_name_validation
ERROR home/tests/test_models/test_cpusockettype.py::CPUSocketTypeTestCase::test_cpusockettype_str
ERROR home/tests/test_models/test_cpusockettype.py::CPUSocketTypeTestCase::test_unique_cpusockettype_name
ERROR home/tests/test_models/test_manufacturers.py::ManufacturerTestCase::test_Manufacturer_name_field_label
ERROR home/tests/test_models/test_manufacturers.py::ManufacturerTestCase::test_Manufacturer_object_fields_values
ERROR home/tests/test_models/test_manufacturers.py::ManufacturerTestCase::test_manufacturer_name_validation
ERROR home/tests/test_models/test_manufacturers.py::ManufacturerTestCase::test_manufacturer_str
ERROR home/tests/test_models/test_manufacturers.py::ManufacturerTestCase::test_unique_manufacturer_name
ERROR home/tests/test_models/test_microarchitecture.py::MicroarchitectureTestCase::test_Microarchitecture_name_field_label
ERROR home/tests/test_models/test_microarchitecture.py::MicroarchitectureTestCase::test_Microarchitecture_object_fields_values
ERROR home/tests/test_models/test_microarchitecture.py::MicroarchitectureTestCase::test_microarchitecture_name_validation
ERROR home/tests/test_models/test_microarchitecture.py::MicroarchitectureTestCase::test_microarchitecture_str
ERROR home/tests/test_models/test_microarchitecture.py::MicroarchitectureTestCase::test_unique_microarchitecture_name
ERROR home/tests/test_models/test_ram.py::RAMTestCase::test_RAM_manufacturer_field_label
ERROR home/tests/test_models/test_ram.py::RAMTestCase::test_RAM_name_field_label
ERROR home/tests/test_models/test_ram.py::RAMTestCase::test_RAM_object_fields_values
ERROR home/tests/test_models/test_ram.py::RAMTestCase::test_RAM_object_ram_id_values
ERROR home/tests/test_models/test_ram.py::RAMTestCase::test_RAM_object_ram_manufacturer_values
ERROR home/tests/test_models/test_ram.py::RAMTestCase::test_RAM_object_ram_speed_values
ERROR home/tests/test_models/test_ram.py::RAMTestCase::test_RAM_object_ram_type_values
ERROR home/tests/test_models/test_ram.py::RAMTestCase::test_RAM_ram_id_field_label
ERROR home/tests/test_models/test_ram.py::RAMTestCase::test_RAM_ram_speed_field_label
ERROR home/tests/test_models/test_ram.py::RAMTestCase::test_RAM_ram_type_field_label
ERROR home/tests/test_models/test_ram.py::RAMTestCase::test_ram_name_validation
ERROR home/tests/test_models/test_ram.py::RAMTestCase::test_ram_speed_validation
ERROR home/tests/test_models/test_ram.py::RAMTestCase::test_ram_str - django....
ERROR home/tests/test_models/test_ram.py::RAMTestCase::test_unique_ram_id - d...
ERROR home/tests/test_models/test_ram_attributes.py::RAMTypeTestCase::test_RAMType_object_fields_values
ERROR home/tests/test_models/test_ram_attributes.py::RAMTypeTestCase::test_RAMType_type_field_label
ERROR home/tests/test_models/test_ram_attributes.py::RAMTypeTestCase::test_ram_type_str
ERROR home/tests/test_models/test_ram_attributes.py::RAMTypeTestCase::test_ram_type_validation
ERROR home/tests/test_models/test_ram_attributes.py::RAMTypeTestCase::test_unique_ram_type
ERROR home/tests/test_models/test_ram_attributes.py::RAMSpeedTestCase::test_RAMSpeed_object_fields_values
ERROR home/tests/test_models/test_ram_attributes.py::RAMSpeedTestCase::test_RAMSpeed_speed_field_label
ERROR home/tests/test_models/test_ram_attributes.py::RAMSpeedTestCase::test_ram_speed_str
ERROR home/tests/test_models/test_ram_attributes.py::RAMSpeedTestCase::test_ram_speed_validation
ERROR home/tests/test_models/test_ram_attributes.py::RAMCapacityTestCase::test_RAMCapacity_capacity_field_label
ERROR home/tests/test_models/test_ram_attributes.py::RAMCapacityTestCase::test_RAMCapacity_object_fields_values
ERROR home/tests/test_models/test_ram_attributes.py::RAMCapacityTestCase::test_ram_capacity_str
ERROR home/tests/test_models/test_ram_attributes.py::RAMCapacityTestCase::test_ram_capacity_validation
ERROR home/tests/test_models/test_ram_attributes.py::RAMCapacityTestCase::test_unique_ram_capacity
ERROR home/tests/test_models/test_storage.py::StorageTestCase::test_Storage_manufacturer_field_label
ERROR home/tests/test_models/test_storage.py::StorageTestCase::test_Storage_name_field_label
ERROR home/tests/test_models/test_storage.py::StorageTestCase::test_Storage_object_fields_values
ERROR home/tests/test_models/test_storage.py::StorageTestCase::test_Storage_object_storage_capacity_values
ERROR home/tests/test_models/test_storage.py::StorageTestCase::test_Storage_object_storage_id_values
ERROR home/tests/test_models/test_storage.py::StorageTestCase::test_Storage_object_storage_manufacturer_values
ERROR home/tests/test_models/test_storage.py::StorageTestCase::test_Storage_object_storage_type_values
ERROR home/tests/test_models/test_storage.py::StorageTestCase::test_Storage_storage_id_field_label
ERROR home/tests/test_models/test_storage.py::StorageTestCase::test_Storage_storage_type_field_label
ERROR home/tests/test_models/test_storage.py::StorageTestCase::test_storage_name_validation
ERROR home/tests/test_models/test_storage.py::StorageTestCase::test_storage_str
ERROR home/tests/test_models/test_storage.py::StorageTestCase::test_unique_storage_id
ERROR home/tests/test_models/test_storage_attributes.py::StorageTypeTestCase::test_StorageType_object_fields_values
ERROR home/tests/test_models/test_storage_attributes.py::StorageTypeTestCase::test_StorageType_type_field_label
ERROR home/tests/test_models/test_storage_attributes.py::StorageTypeTestCase::test_storage_type_str
ERROR home/tests/test_models/test_storage_attributes.py::StorageTypeTestCase::test_storage_type_validation
ERROR home/tests/test_models/test_storage_attributes.py::StorageTypeTestCase::test_unique_storage_type
ERROR home/tests/test_models/test_storage_attributes.py::StorageCapacityTestCase::test_StorageCapacity_capacity_field_label
ERROR home/tests/test_models/test_storage_attributes.py::StorageCapacityTestCase::test_StorageCapacity_object_fields_values
ERROR home/tests/test_models/test_storage_attributes.py::StorageCapacityTestCase::test_storage_capacity_str
ERROR home/tests/test_models/test_storage_attributes.py::StorageCapacityTestCase::test_storage_capacity_validation
ERROR home/tests/test_models/test_storage_attributes.py::StorageCapacityTestCase::test_unique_storage_capacity
============== 70 failed, 6 passed, 78 errors in 82.05s (0:01:22) ==============
